<?xml version="1.0" encoding="UTF-8"?>
<testsuites name="TestSuit-Cart list with changing amount" time="53" tests="1" failures="3" errors="0">
   <testsuite name="TestSuit-Cart list with changing amount" tests="1" failures="3" errors="0" time="53" timestamp="2018-05-10 16:05:06" hostname="amnesia - DESKTOP-JOTRSDM" id="Test Suites/TestSuit-Cart list with changing amount">
      <properties>
         <property name="deviceName" value=""/>
         <property name="devicePlatform" value=""/>
         <property name="logFolder" value="E:\\592115005\\ASD\\234project-backend\\Katalon for Project\\Reports\\TestSuit-Cart list with changing amount\\20180510_160500"/>
         <property name="logFiles" value="E:\\592115005\\ASD\\234project-backend\\Katalon for Project\\Reports\\TestSuit-Cart list with changing amount\\20180510_160500\\execution0.log"/>
         <property name="attachments" value=""/>
         <property name="hostName" value="amnesia - DESKTOP-JOTRSDM"/>
         <property name="os" value="Windows 10 64bit"/>
         <property name="katalonVersion" value="5.3.1.1"/>
         <property name="browser" value="Firefox 59.0"/>
         <property name="hostAddress" value="192.168.56.1"/>
         <property name="sessionId" value="9873972a-2016-47be-ab3e-3a1bd9490ed7"/>
         <property name="seleniumVersion" value="3.7.1"/>
         <property name="proxyInformation" value="ProxyInformation{proxyOption=NO_PROXY, proxyServerType=HTTP, password=, proxyServerAddress=, proxyServerPort=0}"/>
         <property name="platform" value="Windows 10"/>
      </properties>
      <testcase name="Test Cases/Test-Cart list" classname="Test Cases/Test-Cart list" status="PASSED">
         <system-out><![CDATA[2018-05-10 16:05:06 - [TEST_CASE][PASSED] - Test Cases/Test-Cart list: Test Cases/Test-Cart list

2018-05-10 16:05:07 - [TEST_STEP][PASSED] - openBrowser: Browser is opened with url: ''

2018-05-10 16:05:13 - [MESSAGE][PASSED] - Browser is opened with url: ''

2018-05-10 16:05:13 - [TEST_STEP][PASSED] - navigateToUrl: Navigate to 'http://34.215.216.185:7071' successfully

2018-05-10 16:05:18 - [MESSAGE][PASSED] - Navigate to 'http://34.215.216.185:7071' successfully

2018-05-10 16:05:18 - [TEST_STEP][PASSED] - setText: Text 'user' is set on object 'Object Repository/Objects-Cart list/Page_ProjectBackend/input_username'

2018-05-10 16:05:18 - [MESSAGE][PASSED] - Text 'user' is set on object 'Object Repository/Objects-Cart list/Page_ProjectBackend/input_username'

2018-05-10 16:05:18 - [TEST_STEP][PASSED] - setText: Text 'user' is set on object 'Object Repository/Objects-Cart list/Page_ProjectBackend/input_password'

2018-05-10 16:05:18 - [MESSAGE][PASSED] - Text 'user' is set on object 'Object Repository/Objects-Cart list/Page_ProjectBackend/input_password'

2018-05-10 16:05:18 - [TEST_STEP][PASSED] - click: Object: 'Object Repository/Objects-Cart list/Page_ProjectBackend/button_Login' is clicked on

2018-05-10 16:05:19 - [MESSAGE][PASSED] - Object: 'Object Repository/Objects-Cart list/Page_ProjectBackend/button_Login' is clicked on

2018-05-10 16:05:19 - [TEST_STEP][PASSED] - waitForElementNotPresent: Web element with id: 'Object Repository/Objects-Cart list/Page_ProjectBackend/button_add to cart 1' located by 'By.xpath: /html/body/app-root/app-product-list/div/div[2]/div/div[1]/a/div[2]/div[2]/button' is not present after '30' second(s)

2018-05-10 16:05:19 - [MESSAGE][WARNING] - Timeout '0' is invalid. Using default page load timeout: '30'

2018-05-10 16:05:19 - [MESSAGE][PASSED] - Web element with id: 'Object Repository/Objects-Cart list/Page_ProjectBackend/button_add to cart 1' located by 'By.xpath: /html/body/app-root/app-product-list/div/div[2]/div/div[1]/a/div[2]/div[2]/button' is not present after '30' second(s)

2018-05-10 16:05:19 - [TEST_STEP][PASSED] - click: Object: 'Object Repository/Objects-Cart list/Page_ProjectBackend/button_add to cart 1' is clicked on

2018-05-10 16:05:20 - [MESSAGE][PASSED] - Object: 'Object Repository/Objects-Cart list/Page_ProjectBackend/button_add to cart 1' is clicked on

2018-05-10 16:05:20 - [TEST_STEP][PASSED] - click: Object: 'Object Repository/Objects-Cart list/Page_ProjectBackend/button_add to cart 2' is clicked on

2018-05-10 16:05:21 - [MESSAGE][PASSED] - Object: 'Object Repository/Objects-Cart list/Page_ProjectBackend/button_add to cart 2' is clicked on

2018-05-10 16:05:21 - [TEST_STEP][PASSED] - click: Object: 'Object Repository/Objects-Cart list/Page_ProjectBackend/button_add to cart 3' is clicked on

2018-05-10 16:05:21 - [MESSAGE][PASSED] - Object: 'Object Repository/Objects-Cart list/Page_ProjectBackend/button_add to cart 3' is clicked on

2018-05-10 16:05:21 - [TEST_STEP][PASSED] - click: Object: 'Object Repository/Objects-Cart list/Page_ProjectBackend/button_add to cart 4' is clicked on

2018-05-10 16:05:21 - [MESSAGE][PASSED] - Object: 'Object Repository/Objects-Cart list/Page_ProjectBackend/button_add to cart 4' is clicked on

2018-05-10 16:05:21 - [TEST_STEP][PASSED] - click: Object: 'Object Repository/Objects-Cart list/Page_ProjectBackend/button_add to cart 5' is clicked on

2018-05-10 16:05:21 - [MESSAGE][PASSED] - Object: 'Object Repository/Objects-Cart list/Page_ProjectBackend/button_add to cart 5' is clicked on

2018-05-10 16:05:21 - [TEST_STEP][PASSED] - click: Object: 'Object Repository/Objects-Cart list/Page_ProjectBackend/menu_cart' is clicked on

2018-05-10 16:05:22 - [MESSAGE][PASSED] - Object: 'Object Repository/Objects-Cart list/Page_ProjectBackend/menu_cart' is clicked on

2018-05-10 16:05:22 - [TEST_STEP][PASSED] - verifyElementText: Actual text and expected text of test object 'Object Repository/Objects-Cart list/Page_ProjectBackend/td_productName 1' are matched.

2018-05-10 16:05:22 - [MESSAGE][PASSED] - Actual text and expected text of test object 'Object Repository/Objects-Cart list/Page_ProjectBackend/td_productName 1' are matched.

2018-05-10 16:05:22 - [TEST_STEP][PASSED] - verifyElementText: Actual text and expected text of test object 'Object Repository/Objects-Cart list/Page_ProjectBackend/td_productPrice 1' are matched.

2018-05-10 16:05:22 - [MESSAGE][PASSED] - Actual text and expected text of test object 'Object Repository/Objects-Cart list/Page_ProjectBackend/td_productPrice 1' are matched.

2018-05-10 16:05:22 - [TEST_STEP][PASSED] - setText: Text '2' is set on object 'Object Repository/Objects-Cart list/Page_ProjectBackend/input_amount 1'

2018-05-10 16:05:22 - [MESSAGE][PASSED] - Text '2' is set on object 'Object Repository/Objects-Cart list/Page_ProjectBackend/input_amount 1'

2018-05-10 16:05:22 - [TEST_STEP][PASSED] - verifyElementText: Actual text and expected text of test object 'Object Repository/Objects-Cart list/Page_ProjectBackend/td_productName 2' are matched.

2018-05-10 16:05:22 - [MESSAGE][PASSED] - Actual text and expected text of test object 'Object Repository/Objects-Cart list/Page_ProjectBackend/td_productName 2' are matched.

2018-05-10 16:05:22 - [TEST_STEP][PASSED] - verifyElementText: Actual text and expected text of test object 'Object Repository/Objects-Cart list/Page_ProjectBackend/td_productPrice 2' are matched.

2018-05-10 16:05:22 - [MESSAGE][PASSED] - Actual text and expected text of test object 'Object Repository/Objects-Cart list/Page_ProjectBackend/td_productPrice 2' are matched.

2018-05-10 16:05:22 - [TEST_STEP][PASSED] - setText: Text '2' is set on object 'Object Repository/Objects-Cart list/Page_ProjectBackend/input_amount 2'

2018-05-10 16:05:22 - [MESSAGE][PASSED] - Text '2' is set on object 'Object Repository/Objects-Cart list/Page_ProjectBackend/input_amount 2'

2018-05-10 16:05:22 - [TEST_STEP][PASSED] - verifyElementText: Actual text and expected text of test object 'Object Repository/Objects-Cart list/Page_ProjectBackend/td_productName 3' are matched.

2018-05-10 16:05:22 - [MESSAGE][PASSED] - Actual text and expected text of test object 'Object Repository/Objects-Cart list/Page_ProjectBackend/td_productName 3' are matched.

2018-05-10 16:05:22 - [TEST_STEP][PASSED] - verifyElementText: Actual text and expected text of test object 'Object Repository/Objects-Cart list/Page_ProjectBackend/td_productPrice 3' are matched.

2018-05-10 16:05:22 - [MESSAGE][PASSED] - Actual text and expected text of test object 'Object Repository/Objects-Cart list/Page_ProjectBackend/td_productPrice 3' are matched.

2018-05-10 16:05:22 - [TEST_STEP][PASSED] - setText: Text '2' is set on object 'Object Repository/Objects-Cart list/Page_ProjectBackend/input_amount 3'

2018-05-10 16:05:22 - [MESSAGE][PASSED] - Text '2' is set on object 'Object Repository/Objects-Cart list/Page_ProjectBackend/input_amount 3'

2018-05-10 16:05:22 - [TEST_STEP][PASSED] - verifyElementText: Actual text and expected text of test object 'Object Repository/Objects-Cart list/Page_ProjectBackend/td_productName 4' are matched.

2018-05-10 16:05:22 - [MESSAGE][PASSED] - Actual text and expected text of test object 'Object Repository/Objects-Cart list/Page_ProjectBackend/td_productName 4' are matched.

2018-05-10 16:05:22 - [TEST_STEP][PASSED] - verifyElementText: Actual text and expected text of test object 'Object Repository/Objects-Cart list/Page_ProjectBackend/td_productPrice 4' are matched.

2018-05-10 16:05:22 - [MESSAGE][PASSED] - Actual text and expected text of test object 'Object Repository/Objects-Cart list/Page_ProjectBackend/td_productPrice 4' are matched.

2018-05-10 16:05:22 - [TEST_STEP][PASSED] - setText: Text '2' is set on object 'Object Repository/Objects-Cart list/Page_ProjectBackend/input_amount 4'

2018-05-10 16:05:22 - [MESSAGE][PASSED] - Text '2' is set on object 'Object Repository/Objects-Cart list/Page_ProjectBackend/input_amount 4'

2018-05-10 16:05:22 - [TEST_STEP][PASSED] - verifyElementText: Actual text and expected text of test object 'Object Repository/Objects-Cart list/Page_ProjectBackend/td_productName 5' are matched.

2018-05-10 16:05:22 - [MESSAGE][PASSED] - Actual text and expected text of test object 'Object Repository/Objects-Cart list/Page_ProjectBackend/td_productName 5' are matched.

2018-05-10 16:05:22 - [TEST_STEP][PASSED] - verifyElementText: Actual text and expected text of test object 'Object Repository/Objects-Cart list/Page_ProjectBackend/td_productPrice 5' are matched.

2018-05-10 16:05:22 - [MESSAGE][PASSED] - Actual text and expected text of test object 'Object Repository/Objects-Cart list/Page_ProjectBackend/td_productPrice 5' are matched.

2018-05-10 16:05:22 - [TEST_STEP][PASSED] - setText: Text '2' is set on object 'Object Repository/Objects-Cart list/Page_ProjectBackend/input_amount 5'

2018-05-10 16:05:22 - [MESSAGE][PASSED] - Text '2' is set on object 'Object Repository/Objects-Cart list/Page_ProjectBackend/input_amount 5'

2018-05-10 16:05:22 - [TEST_STEP][PASSED] - verifyElementText: Actual text and expected text of test object 'Object Repository/Objects-Cart list/Page_ProjectBackend/p_Total price' are matched.

2018-05-10 16:05:22 - [MESSAGE][PASSED] - Actual text and expected text of test object 'Object Repository/Objects-Cart list/Page_ProjectBackend/p_Total price' are matched.

2018-05-10 16:05:22 - [TEST_STEP][PASSED] - click: Object: 'Object Repository/Objects-Cart list/Page_ProjectBackend/button_confirm' is clicked on

2018-05-10 16:05:22 - [MESSAGE][PASSED] - Object: 'Object Repository/Objects-Cart list/Page_ProjectBackend/button_confirm' is clicked on

2018-05-10 16:05:22 - [TEST_STEP][PASSED] - acceptAlert: Alert accepted

2018-05-10 16:05:22 - [MESSAGE][PASSED] - Alert accepted

2018-05-10 16:05:22 - [TEST_STEP][PASSED] - closeBrowser: Browser is closed

2018-05-10 16:05:22 - [MESSAGE][PASSED] - Browser is closed]]></system-out>
         <system-err><![CDATA[]]></system-err>
      </testcase>
      <testcase name="Test Cases/Test-Cart list" classname="Test Cases/Test-Cart list" status="FAILED">
         <failure type="FAILED" message="Unable to click on object 'Object Repository/Objects-Cart list/Page_ProjectBackend/button_add to cart 1' (Root cause: org.openqa.selenium.WebDriverException: Failed to decode response from marionette
Build info: version: '3.7.1', revision: '8a0099a', time: '2017-11-06T21:07:36.161Z'
System info: host: 'DESKTOP-JOTRSDM', ip: '192.168.56.1', os.name: 'Windows 10', os.arch: 'amd64', os.version: '10.0', java.version: '1.8.0_102'
Driver info: com.kms.katalon.core.webui.driver.firefox.CGeckoDriver
Capabilities {acceptInsecureCerts: true, browserName: firefox, browserVersion: 59.0.3, javascriptEnabled: true, moz:accessibilityChecks: false, moz:headless: false, moz:processID: 3904, moz:profile: C:\Users\amnesia\AppData\Lo..., moz:useNonSpecCompliantPointerOrigin: false, moz:webdriverClick: true, pageLoadStrategy: normal, platform: XP, platformName: XP, platformVersion: 10.0, proxy: Proxy(direct), rotatable: false, timeouts: {implicit: 0, pageLoad: 300000, script: 30000}}
Session ID: d718b273-2902-4cd3-b1b0-d298dfb22395
*** Element info: {Using=xpath, value=/html/body/app-root/app-product-list/div/div[2]/div/div[1]/a/div[2]/div[2]/button})"/>
         <system-out><![CDATA[2018-05-10 16:05:22 - [TEST_CASE][FAILED] - Test Cases/Test-Cart list: Test Cases/Test-Cart list FAILED because (of) Unable to click on object 'Object Repository/Objects-Cart list/Page_ProjectBackend/button_add to cart 1' (Root cause: org.openqa.selenium.WebDriverException: Failed to decode response from marionette
Build info: version: '3.7.1', revision: '8a0099a', time: '2017-11-06T21:07:36.161Z'
System info: host: 'DESKTOP-JOTRSDM', ip: '192.168.56.1', os.name: 'Windows 10', os.arch: 'amd64', os.version: '10.0', java.version: '1.8.0_102'
Driver info: com.kms.katalon.core.webui.driver.firefox.CGeckoDriver
Capabilities {acceptInsecureCerts: true, browserName: firefox, browserVersion: 59.0.3, javascriptEnabled: true, moz:accessibilityChecks: false, moz:headless: false, moz:processID: 3904, moz:profile: C:\Users\amnesia\AppData\Lo..., moz:useNonSpecCompliantPointerOrigin: false, moz:webdriverClick: true, pageLoadStrategy: normal, platform: XP, platformName: XP, platformVersion: 10.0, proxy: Proxy(direct), rotatable: false, timeouts: {implicit: 0, pageLoad: 300000, script: 30000}}
Session ID: d718b273-2902-4cd3-b1b0-d298dfb22395
*** Element info: {Using=xpath, value=/html/body/app-root/app-product-list/div/div[2]/div/div[1]/a/div[2]/div[2]/button})

2018-05-10 16:05:22 - [TEST_STEP][PASSED] - openBrowser: Browser is opened with url: ''

2018-05-10 16:05:28 - [MESSAGE][PASSED] - Browser is opened with url: ''

2018-05-10 16:05:28 - [TEST_STEP][PASSED] - navigateToUrl: Navigate to 'http://34.215.216.185:7071' successfully

2018-05-10 16:05:33 - [MESSAGE][PASSED] - Navigate to 'http://34.215.216.185:7071' successfully

2018-05-10 16:05:33 - [TEST_STEP][PASSED] - setText: Text 'hello' is set on object 'Object Repository/Objects-Cart list/Page_ProjectBackend/input_username'

2018-05-10 16:05:33 - [MESSAGE][PASSED] - Text 'hello' is set on object 'Object Repository/Objects-Cart list/Page_ProjectBackend/input_username'

2018-05-10 16:05:33 - [TEST_STEP][PASSED] - setText: Text 'hello' is set on object 'Object Repository/Objects-Cart list/Page_ProjectBackend/input_password'

2018-05-10 16:05:33 - [MESSAGE][PASSED] - Text 'hello' is set on object 'Object Repository/Objects-Cart list/Page_ProjectBackend/input_password'

2018-05-10 16:05:33 - [TEST_STEP][PASSED] - click: Object: 'Object Repository/Objects-Cart list/Page_ProjectBackend/button_Login' is clicked on

2018-05-10 16:05:34 - [MESSAGE][PASSED] - Object: 'Object Repository/Objects-Cart list/Page_ProjectBackend/button_Login' is clicked on

2018-05-10 16:05:34 - [TEST_STEP][PASSED] - waitForElementNotPresent: Web element with id: 'Object Repository/Objects-Cart list/Page_ProjectBackend/button_add to cart 1' located by 'By.xpath: /html/body/app-root/app-product-list/div/div[2]/div/div[1]/a/div[2]/div[2]/button' is not present after '30' second(s)

2018-05-10 16:05:34 - [MESSAGE][WARNING] - Timeout '0' is invalid. Using default page load timeout: '30'

2018-05-10 16:05:34 - [MESSAGE][PASSED] - Web element with id: 'Object Repository/Objects-Cart list/Page_ProjectBackend/button_add to cart 1' located by 'By.xpath: /html/body/app-root/app-product-list/div/div[2]/div/div[1]/a/div[2]/div[2]/button' is not present after '30' second(s)

2018-05-10 16:05:34 - [TEST_STEP][FAILED] - click: Unable to click on object 'Object Repository/Objects-Cart list/Page_ProjectBackend/button_add to cart 1' (Root cause: org.openqa.selenium.WebDriverException: Failed to decode response from marionette
Build info: version: '3.7.1', revision: '8a0099a', time: '2017-11-06T21:07:36.161Z'
System info: host: 'DESKTOP-JOTRSDM', ip: '192.168.56.1', os.name: 'Windows 10', os.arch: 'amd64', os.version: '10.0', java.version: '1.8.0_102'
Driver info: com.kms.katalon.core.webui.driver.firefox.CGeckoDriver
Capabilities {acceptInsecureCerts: true, browserName: firefox, browserVersion: 59.0.3, javascriptEnabled: true, moz:accessibilityChecks: false, moz:headless: false, moz:processID: 3904, moz:profile: C:\Users\amnesia\AppData\Lo..., moz:useNonSpecCompliantPointerOrigin: false, moz:webdriverClick: true, pageLoadStrategy: normal, platform: XP, platformName: XP, platformVersion: 10.0, proxy: Proxy(direct), rotatable: false, timeouts: {implicit: 0, pageLoad: 300000, script: 30000}}
Session ID: d718b273-2902-4cd3-b1b0-d298dfb22395
*** Element info: {Using=xpath, value=/html/body/app-root/app-product-list/div/div[2]/div/div[1]/a/div[2]/div[2]/button})

2018-05-10 16:05:44 - [MESSAGE][WARNING] - Cannot take screenshot

2018-05-10 16:05:44 - [MESSAGE][FAILED] - Unable to click on object 'Object Repository/Objects-Cart list/Page_ProjectBackend/button_add to cart 1' (Root cause: org.openqa.selenium.WebDriverException: Failed to decode response from marionette
Build info: version: '3.7.1', revision: '8a0099a', time: '2017-11-06T21:07:36.161Z'
System info: host: 'DESKTOP-JOTRSDM', ip: '192.168.56.1', os.name: 'Windows 10', os.arch: 'amd64', os.version: '10.0', java.version: '1.8.0_102'
Driver info: com.kms.katalon.core.webui.driver.firefox.CGeckoDriver
Capabilities {acceptInsecureCerts: true, browserName: firefox, browserVersion: 59.0.3, javascriptEnabled: true, moz:accessibilityChecks: false, moz:headless: false, moz:processID: 3904, moz:profile: C:\Users\amnesia\AppData\Lo..., moz:useNonSpecCompliantPointerOrigin: false, moz:webdriverClick: true, pageLoadStrategy: normal, platform: XP, platformName: XP, platformVersion: 10.0, proxy: Proxy(direct), rotatable: false, timeouts: {implicit: 0, pageLoad: 300000, script: 30000}}
Session ID: d718b273-2902-4cd3-b1b0-d298dfb22395
*** Element info: {Using=xpath, value=/html/body/app-root/app-product-list/div/div[2]/div/div[1]/a/div[2]/div[2]/button})]]></system-out>
         <system-err><![CDATA[2018-05-10 16:05:22 - [TEST_CASE][FAILED] - Test Cases/Test-Cart list: Test Cases/Test-Cart list FAILED because (of) Unable to click on object 'Object Repository/Objects-Cart list/Page_ProjectBackend/button_add to cart 1' (Root cause: org.openqa.selenium.WebDriverException: Failed to decode response from marionette
Build info: version: '3.7.1', revision: '8a0099a', time: '2017-11-06T21:07:36.161Z'
System info: host: 'DESKTOP-JOTRSDM', ip: '192.168.56.1', os.name: 'Windows 10', os.arch: 'amd64', os.version: '10.0', java.version: '1.8.0_102'
Driver info: com.kms.katalon.core.webui.driver.firefox.CGeckoDriver
Capabilities {acceptInsecureCerts: true, browserName: firefox, browserVersion: 59.0.3, javascriptEnabled: true, moz:accessibilityChecks: false, moz:headless: false, moz:processID: 3904, moz:profile: C:\Users\amnesia\AppData\Lo..., moz:useNonSpecCompliantPointerOrigin: false, moz:webdriverClick: true, pageLoadStrategy: normal, platform: XP, platformName: XP, platformVersion: 10.0, proxy: Proxy(direct), rotatable: false, timeouts: {implicit: 0, pageLoad: 300000, script: 30000}}
Session ID: d718b273-2902-4cd3-b1b0-d298dfb22395
*** Element info: {Using=xpath, value=/html/body/app-root/app-product-list/div/div[2]/div/div[1]/a/div[2]/div[2]/button})]]></system-err>
      </testcase>
      <testcase name="Test Cases/Test-Cart list" classname="Test Cases/Test-Cart list" status="FAILED">
         <failure type="FAILED" message="Unable to open browser with url: '' (Root cause: org.openqa.selenium.SessionNotCreatedException: Tried to run command without establishing a connection
Build info: version: '3.7.1', revision: '8a0099a', time: '2017-11-06T21:07:36.161Z'
System info: host: 'DESKTOP-JOTRSDM', ip: '192.168.56.1', os.name: 'Windows 10', os.arch: 'amd64', os.version: '10.0', java.version: '1.8.0_102'
Driver info: com.kms.katalon.core.webui.driver.firefox.CGeckoDriver
Capabilities {acceptInsecureCerts: true, browserName: firefox, browserVersion: 59.0.3, javascriptEnabled: true, moz:accessibilityChecks: false, moz:headless: false, moz:processID: 3904, moz:profile: C:\Users\amnesia\AppData\Lo..., moz:useNonSpecCompliantPointerOrigin: false, moz:webdriverClick: true, pageLoadStrategy: normal, platform: XP, platformName: XP, platformVersion: 10.0, proxy: Proxy(direct), rotatable: false, timeouts: {implicit: 0, pageLoad: 300000, script: 30000}}
Session ID: d718b273-2902-4cd3-b1b0-d298dfb22395)"/>
         <system-out><![CDATA[2018-05-10 16:05:44 - [TEST_CASE][FAILED] - Test Cases/Test-Cart list: Test Cases/Test-Cart list FAILED because (of) Unable to open browser with url: '' (Root cause: org.openqa.selenium.SessionNotCreatedException: Tried to run command without establishing a connection
Build info: version: '3.7.1', revision: '8a0099a', time: '2017-11-06T21:07:36.161Z'
System info: host: 'DESKTOP-JOTRSDM', ip: '192.168.56.1', os.name: 'Windows 10', os.arch: 'amd64', os.version: '10.0', java.version: '1.8.0_102'
Driver info: com.kms.katalon.core.webui.driver.firefox.CGeckoDriver
Capabilities {acceptInsecureCerts: true, browserName: firefox, browserVersion: 59.0.3, javascriptEnabled: true, moz:accessibilityChecks: false, moz:headless: false, moz:processID: 3904, moz:profile: C:\Users\amnesia\AppData\Lo..., moz:useNonSpecCompliantPointerOrigin: false, moz:webdriverClick: true, pageLoadStrategy: normal, platform: XP, platformName: XP, platformVersion: 10.0, proxy: Proxy(direct), rotatable: false, timeouts: {implicit: 0, pageLoad: 300000, script: 30000}}
Session ID: d718b273-2902-4cd3-b1b0-d298dfb22395)

2018-05-10 16:05:44 - [TEST_STEP][FAILED] - openBrowser: Unable to open browser with url: '' (Root cause: org.openqa.selenium.SessionNotCreatedException: Tried to run command without establishing a connection
Build info: version: '3.7.1', revision: '8a0099a', time: '2017-11-06T21:07:36.161Z'
System info: host: 'DESKTOP-JOTRSDM', ip: '192.168.56.1', os.name: 'Windows 10', os.arch: 'amd64', os.version: '10.0', java.version: '1.8.0_102'
Driver info: com.kms.katalon.core.webui.driver.firefox.CGeckoDriver
Capabilities {acceptInsecureCerts: true, browserName: firefox, browserVersion: 59.0.3, javascriptEnabled: true, moz:accessibilityChecks: false, moz:headless: false, moz:processID: 3904, moz:profile: C:\Users\amnesia\AppData\Lo..., moz:useNonSpecCompliantPointerOrigin: false, moz:webdriverClick: true, pageLoadStrategy: normal, platform: XP, platformName: XP, platformVersion: 10.0, proxy: Proxy(direct), rotatable: false, timeouts: {implicit: 0, pageLoad: 300000, script: 30000}}
Session ID: d718b273-2902-4cd3-b1b0-d298dfb22395)

2018-05-10 16:05:44 - [MESSAGE][WARNING] - A browser is already opened. Closing browser and opening a new one

2018-05-10 16:05:44 - [MESSAGE][FAILED] - Unable to open browser with url: '' (Root cause: org.openqa.selenium.SessionNotCreatedException: Tried to run command without establishing a connection
Build info: version: '3.7.1', revision: '8a0099a', time: '2017-11-06T21:07:36.161Z'
System info: host: 'DESKTOP-JOTRSDM', ip: '192.168.56.1', os.name: 'Windows 10', os.arch: 'amd64', os.version: '10.0', java.version: '1.8.0_102'
Driver info: com.kms.katalon.core.webui.driver.firefox.CGeckoDriver
Capabilities {acceptInsecureCerts: true, browserName: firefox, browserVersion: 59.0.3, javascriptEnabled: true, moz:accessibilityChecks: false, moz:headless: false, moz:processID: 3904, moz:profile: C:\Users\amnesia\AppData\Lo..., moz:useNonSpecCompliantPointerOrigin: false, moz:webdriverClick: true, pageLoadStrategy: normal, platform: XP, platformName: XP, platformVersion: 10.0, proxy: Proxy(direct), rotatable: false, timeouts: {implicit: 0, pageLoad: 300000, script: 30000}}
Session ID: d718b273-2902-4cd3-b1b0-d298dfb22395)]]></system-out>
         <system-err><![CDATA[2018-05-10 16:05:44 - [TEST_CASE][FAILED] - Test Cases/Test-Cart list: Test Cases/Test-Cart list FAILED because (of) Unable to open browser with url: '' (Root cause: org.openqa.selenium.SessionNotCreatedException: Tried to run command without establishing a connection
Build info: version: '3.7.1', revision: '8a0099a', time: '2017-11-06T21:07:36.161Z'
System info: host: 'DESKTOP-JOTRSDM', ip: '192.168.56.1', os.name: 'Windows 10', os.arch: 'amd64', os.version: '10.0', java.version: '1.8.0_102'
Driver info: com.kms.katalon.core.webui.driver.firefox.CGeckoDriver
Capabilities {acceptInsecureCerts: true, browserName: firefox, browserVersion: 59.0.3, javascriptEnabled: true, moz:accessibilityChecks: false, moz:headless: false, moz:processID: 3904, moz:profile: C:\Users\amnesia\AppData\Lo..., moz:useNonSpecCompliantPointerOrigin: false, moz:webdriverClick: true, pageLoadStrategy: normal, platform: XP, platformName: XP, platformVersion: 10.0, proxy: Proxy(direct), rotatable: false, timeouts: {implicit: 0, pageLoad: 300000, script: 30000}}
Session ID: d718b273-2902-4cd3-b1b0-d298dfb22395)]]></system-err>
      </testcase>
      <testcase name="Test Cases/Test-Cart list" classname="Test Cases/Test-Cart list" status="FAILED">
         <failure type="FAILED" message="Unable to click on object 'Object Repository/Objects-Cart list/Page_ProjectBackend/button_add to cart 1' (Root cause: org.openqa.selenium.WebDriverException: Failed to decode response from marionette
Build info: version: '3.7.1', revision: '8a0099a', time: '2017-11-06T21:07:36.161Z'
System info: host: 'DESKTOP-JOTRSDM', ip: '192.168.56.1', os.name: 'Windows 10', os.arch: 'amd64', os.version: '10.0', java.version: '1.8.0_102'
Driver info: com.kms.katalon.core.webui.driver.firefox.CGeckoDriver
Capabilities {acceptInsecureCerts: true, browserName: firefox, browserVersion: 59.0.3, javascriptEnabled: true, moz:accessibilityChecks: false, moz:headless: false, moz:processID: 15208, moz:profile: C:\Users\amnesia\AppData\Lo..., moz:useNonSpecCompliantPointerOrigin: false, moz:webdriverClick: true, pageLoadStrategy: normal, platform: XP, platformName: XP, platformVersion: 10.0, proxy: Proxy(direct), rotatable: false, timeouts: {implicit: 0, pageLoad: 300000, script: 30000}}
Session ID: 9873972a-2016-47be-ab3e-3a1bd9490ed7
*** Element info: {Using=xpath, value=/html/body/app-root/app-product-list/div/div[2]/div/div[1]/a/div[2]/div[2]/button})"/>
         <system-out><![CDATA[2018-05-10 16:05:44 - [TEST_CASE][FAILED] - Test Cases/Test-Cart list: Test Cases/Test-Cart list FAILED because (of) Unable to click on object 'Object Repository/Objects-Cart list/Page_ProjectBackend/button_add to cart 1' (Root cause: org.openqa.selenium.WebDriverException: Failed to decode response from marionette
Build info: version: '3.7.1', revision: '8a0099a', time: '2017-11-06T21:07:36.161Z'
System info: host: 'DESKTOP-JOTRSDM', ip: '192.168.56.1', os.name: 'Windows 10', os.arch: 'amd64', os.version: '10.0', java.version: '1.8.0_102'
Driver info: com.kms.katalon.core.webui.driver.firefox.CGeckoDriver
Capabilities {acceptInsecureCerts: true, browserName: firefox, browserVersion: 59.0.3, javascriptEnabled: true, moz:accessibilityChecks: false, moz:headless: false, moz:processID: 15208, moz:profile: C:\Users\amnesia\AppData\Lo..., moz:useNonSpecCompliantPointerOrigin: false, moz:webdriverClick: true, pageLoadStrategy: normal, platform: XP, platformName: XP, platformVersion: 10.0, proxy: Proxy(direct), rotatable: false, timeouts: {implicit: 0, pageLoad: 300000, script: 30000}}
Session ID: 9873972a-2016-47be-ab3e-3a1bd9490ed7
*** Element info: {Using=xpath, value=/html/body/app-root/app-product-list/div/div[2]/div/div[1]/a/div[2]/div[2]/button})

2018-05-10 16:05:44 - [TEST_STEP][PASSED] - openBrowser: Browser is opened with url: ''

2018-05-10 16:05:49 - [MESSAGE][PASSED] - Browser is opened with url: ''

2018-05-10 16:05:49 - [TEST_STEP][PASSED] - navigateToUrl: Navigate to 'http://34.215.216.185:7071' successfully

2018-05-10 16:05:54 - [MESSAGE][PASSED] - Navigate to 'http://34.215.216.185:7071' successfully

2018-05-10 16:05:54 - [TEST_STEP][PASSED] - setText: Text 'hello' is set on object 'Object Repository/Objects-Cart list/Page_ProjectBackend/input_username'

2018-05-10 16:05:54 - [MESSAGE][PASSED] - Text 'hello' is set on object 'Object Repository/Objects-Cart list/Page_ProjectBackend/input_username'

2018-05-10 16:05:54 - [TEST_STEP][PASSED] - setText: Text 'hello' is set on object 'Object Repository/Objects-Cart list/Page_ProjectBackend/input_password'

2018-05-10 16:05:55 - [MESSAGE][PASSED] - Text 'hello' is set on object 'Object Repository/Objects-Cart list/Page_ProjectBackend/input_password'

2018-05-10 16:05:55 - [TEST_STEP][PASSED] - click: Object: 'Object Repository/Objects-Cart list/Page_ProjectBackend/button_Login' is clicked on

2018-05-10 16:05:55 - [MESSAGE][PASSED] - Object: 'Object Repository/Objects-Cart list/Page_ProjectBackend/button_Login' is clicked on

2018-05-10 16:05:55 - [TEST_STEP][PASSED] - waitForElementNotPresent: Web element with id: 'Object Repository/Objects-Cart list/Page_ProjectBackend/button_add to cart 1' located by 'By.xpath: /html/body/app-root/app-product-list/div/div[2]/div/div[1]/a/div[2]/div[2]/button' is not present after '30' second(s)

2018-05-10 16:05:55 - [MESSAGE][WARNING] - Timeout '0' is invalid. Using default page load timeout: '30'

2018-05-10 16:05:55 - [MESSAGE][PASSED] - Web element with id: 'Object Repository/Objects-Cart list/Page_ProjectBackend/button_add to cart 1' located by 'By.xpath: /html/body/app-root/app-product-list/div/div[2]/div/div[1]/a/div[2]/div[2]/button' is not present after '30' second(s)

2018-05-10 16:05:55 - [TEST_STEP][FAILED] - click: Unable to click on object 'Object Repository/Objects-Cart list/Page_ProjectBackend/button_add to cart 1' (Root cause: org.openqa.selenium.WebDriverException: Failed to decode response from marionette
Build info: version: '3.7.1', revision: '8a0099a', time: '2017-11-06T21:07:36.161Z'
System info: host: 'DESKTOP-JOTRSDM', ip: '192.168.56.1', os.name: 'Windows 10', os.arch: 'amd64', os.version: '10.0', java.version: '1.8.0_102'
Driver info: com.kms.katalon.core.webui.driver.firefox.CGeckoDriver
Capabilities {acceptInsecureCerts: true, browserName: firefox, browserVersion: 59.0.3, javascriptEnabled: true, moz:accessibilityChecks: false, moz:headless: false, moz:processID: 15208, moz:profile: C:\Users\amnesia\AppData\Lo..., moz:useNonSpecCompliantPointerOrigin: false, moz:webdriverClick: true, pageLoadStrategy: normal, platform: XP, platformName: XP, platformVersion: 10.0, proxy: Proxy(direct), rotatable: false, timeouts: {implicit: 0, pageLoad: 300000, script: 30000}}
Session ID: 9873972a-2016-47be-ab3e-3a1bd9490ed7
*** Element info: {Using=xpath, value=/html/body/app-root/app-product-list/div/div[2]/div/div[1]/a/div[2]/div[2]/button})

2018-05-10 16:06:00 - [MESSAGE][WARNING] - Cannot take screenshot

2018-05-10 16:06:00 - [MESSAGE][FAILED] - Unable to click on object 'Object Repository/Objects-Cart list/Page_ProjectBackend/button_add to cart 1' (Root cause: org.openqa.selenium.WebDriverException: Failed to decode response from marionette
Build info: version: '3.7.1', revision: '8a0099a', time: '2017-11-06T21:07:36.161Z'
System info: host: 'DESKTOP-JOTRSDM', ip: '192.168.56.1', os.name: 'Windows 10', os.arch: 'amd64', os.version: '10.0', java.version: '1.8.0_102'
Driver info: com.kms.katalon.core.webui.driver.firefox.CGeckoDriver
Capabilities {acceptInsecureCerts: true, browserName: firefox, browserVersion: 59.0.3, javascriptEnabled: true, moz:accessibilityChecks: false, moz:headless: false, moz:processID: 15208, moz:profile: C:\Users\amnesia\AppData\Lo..., moz:useNonSpecCompliantPointerOrigin: false, moz:webdriverClick: true, pageLoadStrategy: normal, platform: XP, platformName: XP, platformVersion: 10.0, proxy: Proxy(direct), rotatable: false, timeouts: {implicit: 0, pageLoad: 300000, script: 30000}}
Session ID: 9873972a-2016-47be-ab3e-3a1bd9490ed7
*** Element info: {Using=xpath, value=/html/body/app-root/app-product-list/div/div[2]/div/div[1]/a/div[2]/div[2]/button})]]></system-out>
         <system-err><![CDATA[2018-05-10 16:05:44 - [TEST_CASE][FAILED] - Test Cases/Test-Cart list: Test Cases/Test-Cart list FAILED because (of) Unable to click on object 'Object Repository/Objects-Cart list/Page_ProjectBackend/button_add to cart 1' (Root cause: org.openqa.selenium.WebDriverException: Failed to decode response from marionette
Build info: version: '3.7.1', revision: '8a0099a', time: '2017-11-06T21:07:36.161Z'
System info: host: 'DESKTOP-JOTRSDM', ip: '192.168.56.1', os.name: 'Windows 10', os.arch: 'amd64', os.version: '10.0', java.version: '1.8.0_102'
Driver info: com.kms.katalon.core.webui.driver.firefox.CGeckoDriver
Capabilities {acceptInsecureCerts: true, browserName: firefox, browserVersion: 59.0.3, javascriptEnabled: true, moz:accessibilityChecks: false, moz:headless: false, moz:processID: 15208, moz:profile: C:\Users\amnesia\AppData\Lo..., moz:useNonSpecCompliantPointerOrigin: false, moz:webdriverClick: true, pageLoadStrategy: normal, platform: XP, platformName: XP, platformVersion: 10.0, proxy: Proxy(direct), rotatable: false, timeouts: {implicit: 0, pageLoad: 300000, script: 30000}}
Session ID: 9873972a-2016-47be-ab3e-3a1bd9490ed7
*** Element info: {Using=xpath, value=/html/body/app-root/app-product-list/div/div[2]/div/div[1]/a/div[2]/div[2]/button})]]></system-err>
      </testcase>
      <system-out><![CDATA[2018-05-10 16:05:06 - [TEST_SUITE][INCOMPLETE] - TestSuit-Cart list with changing amount: null]]></system-out>
      <system-err><![CDATA[2018-05-10 16:05:06 - [TEST_SUITE][INCOMPLETE] - TestSuit-Cart list with changing amount: null]]></system-err>
   </testsuite>
</testsuites>
