<?xml version="1.0" encoding="UTF-8"?>
<testsuites name="TestSuit-Cart list with changing amount" time="115" tests="2" failures="2" errors="0">
   <testsuite name="TestSuit-Cart list with changing amount" tests="2" failures="2" errors="0" time="115" timestamp="2018-05-10 14:29:55" hostname="amnesia - DESKTOP-JOTRSDM" id="Test Suites/TestSuit-Cart list with changing amount">
      <properties>
         <property name="deviceName" value=""/>
         <property name="devicePlatform" value=""/>
         <property name="logFolder" value="E:\\592115005\\ASD\\234project-backend\\Katalon for Project\\Reports\\TestSuit-Cart list with changing amount\\20180510_142950"/>
         <property name="logFiles" value="E:\\592115005\\ASD\\234project-backend\\Katalon for Project\\Reports\\TestSuit-Cart list with changing amount\\20180510_142950\\execution0.log"/>
         <property name="attachments" value="E:\\592115005\\ASD\\234project-backend\\Katalon for Project\\Reports\\TestSuit-Cart list with changing amount\\20180510_142950\\1525937453429.png, E:\\592115005\\ASD\\234project-backend\\Katalon for Project\\Reports\\TestSuit-Cart list with changing amount\\20180510_142950\\1525937495494.png"/>
         <property name="hostName" value="amnesia - DESKTOP-JOTRSDM"/>
         <property name="os" value="Windows 10 64bit"/>
         <property name="katalonVersion" value="5.3.1.1"/>
         <property name="browser" value="Firefox 59.0"/>
         <property name="hostAddress" value="192.168.56.1"/>
         <property name="sessionId" value="8f938972-49be-4e22-816a-7948c1e3f8e6"/>
         <property name="seleniumVersion" value="3.7.1"/>
         <property name="proxyInformation" value="ProxyInformation{proxyOption=NO_PROXY, proxyServerType=HTTP, password=, proxyServerAddress=, proxyServerPort=0}"/>
         <property name="platform" value="Windows 10"/>
      </properties>
      <testcase name="Test Cases/Test-Cart list" classname="Test Cases/Test-Cart list" status="PASSED">
         <system-out><![CDATA[2018-05-10 14:29:56 - [TEST_CASE][PASSED] - Test Cases/Test-Cart list: Test Cases/Test-Cart list

2018-05-10 14:29:56 - [TEST_STEP][PASSED] - openBrowser: Browser is opened with url: ''

2018-05-10 14:30:01 - [MESSAGE][PASSED] - Browser is opened with url: ''

2018-05-10 14:30:01 - [TEST_STEP][PASSED] - navigateToUrl: Navigate to 'http://34.215.216.185:7071' successfully

2018-05-10 14:30:06 - [MESSAGE][PASSED] - Navigate to 'http://34.215.216.185:7071' successfully

2018-05-10 14:30:06 - [TEST_STEP][PASSED] - setText: Text 'user' is set on object 'Object Repository/Objects-Cart list/Page_ProjectBackend/input_username'

2018-05-10 14:30:07 - [MESSAGE][PASSED] - Text 'user' is set on object 'Object Repository/Objects-Cart list/Page_ProjectBackend/input_username'

2018-05-10 14:30:07 - [TEST_STEP][PASSED] - setText: Text 'user' is set on object 'Object Repository/Objects-Cart list/Page_ProjectBackend/input_password'

2018-05-10 14:30:07 - [MESSAGE][PASSED] - Text 'user' is set on object 'Object Repository/Objects-Cart list/Page_ProjectBackend/input_password'

2018-05-10 14:30:07 - [TEST_STEP][PASSED] - click: Object: 'Object Repository/Objects-Cart list/Page_ProjectBackend/button_Login' is clicked on

2018-05-10 14:30:07 - [MESSAGE][PASSED] - Object: 'Object Repository/Objects-Cart list/Page_ProjectBackend/button_Login' is clicked on

2018-05-10 14:30:07 - [TEST_STEP][PASSED] - click: Object: 'Object Repository/Objects-Cart list/Page_ProjectBackend/button_add to cart 1' is clicked on

2018-05-10 14:30:10 - [MESSAGE][PASSED] - Object: 'Object Repository/Objects-Cart list/Page_ProjectBackend/button_add to cart 1' is clicked on

2018-05-10 14:30:10 - [TEST_STEP][PASSED] - click: Object: 'Object Repository/Objects-Cart list/Page_ProjectBackend/button_add to cart 2' is clicked on

2018-05-10 14:30:10 - [MESSAGE][PASSED] - Object: 'Object Repository/Objects-Cart list/Page_ProjectBackend/button_add to cart 2' is clicked on

2018-05-10 14:30:10 - [TEST_STEP][PASSED] - click: Object: 'Object Repository/Objects-Cart list/Page_ProjectBackend/button_add to cart 3' is clicked on

2018-05-10 14:30:10 - [MESSAGE][PASSED] - Object: 'Object Repository/Objects-Cart list/Page_ProjectBackend/button_add to cart 3' is clicked on

2018-05-10 14:30:10 - [TEST_STEP][PASSED] - click: Object: 'Object Repository/Objects-Cart list/Page_ProjectBackend/button_add to cart 4' is clicked on

2018-05-10 14:30:10 - [MESSAGE][PASSED] - Object: 'Object Repository/Objects-Cart list/Page_ProjectBackend/button_add to cart 4' is clicked on

2018-05-10 14:30:10 - [TEST_STEP][PASSED] - click: Object: 'Object Repository/Objects-Cart list/Page_ProjectBackend/button_add to cart 5' is clicked on

2018-05-10 14:30:11 - [MESSAGE][PASSED] - Object: 'Object Repository/Objects-Cart list/Page_ProjectBackend/button_add to cart 5' is clicked on

2018-05-10 14:30:11 - [TEST_STEP][PASSED] - click: Object: 'Object Repository/Objects-Cart list/Page_ProjectBackend/menu_cart' is clicked on

2018-05-10 14:30:11 - [MESSAGE][PASSED] - Object: 'Object Repository/Objects-Cart list/Page_ProjectBackend/menu_cart' is clicked on

2018-05-10 14:30:11 - [TEST_STEP][PASSED] - verifyElementText: Actual text and expected text of test object 'Object Repository/Objects-Cart list/Page_ProjectBackend/td_productName 1' are matched.

2018-05-10 14:30:11 - [MESSAGE][PASSED] - Actual text and expected text of test object 'Object Repository/Objects-Cart list/Page_ProjectBackend/td_productName 1' are matched.

2018-05-10 14:30:11 - [TEST_STEP][PASSED] - verifyElementText: Actual text and expected text of test object 'Object Repository/Objects-Cart list/Page_ProjectBackend/td_productPrice 1' are matched.

2018-05-10 14:30:11 - [MESSAGE][PASSED] - Actual text and expected text of test object 'Object Repository/Objects-Cart list/Page_ProjectBackend/td_productPrice 1' are matched.

2018-05-10 14:30:11 - [TEST_STEP][PASSED] - setText: Text '2' is set on object 'Object Repository/Objects-Cart list/Page_ProjectBackend/input_amount 1'

2018-05-10 14:30:11 - [MESSAGE][PASSED] - Text '2' is set on object 'Object Repository/Objects-Cart list/Page_ProjectBackend/input_amount 1'

2018-05-10 14:30:11 - [TEST_STEP][PASSED] - verifyElementText: Actual text and expected text of test object 'Object Repository/Objects-Cart list/Page_ProjectBackend/td_productName 2' are matched.

2018-05-10 14:30:11 - [MESSAGE][PASSED] - Actual text and expected text of test object 'Object Repository/Objects-Cart list/Page_ProjectBackend/td_productName 2' are matched.

2018-05-10 14:30:11 - [TEST_STEP][PASSED] - verifyElementText: Actual text and expected text of test object 'Object Repository/Objects-Cart list/Page_ProjectBackend/td_productPrice 2' are matched.

2018-05-10 14:30:11 - [MESSAGE][PASSED] - Actual text and expected text of test object 'Object Repository/Objects-Cart list/Page_ProjectBackend/td_productPrice 2' are matched.

2018-05-10 14:30:11 - [TEST_STEP][PASSED] - setText: Text '2' is set on object 'Object Repository/Objects-Cart list/Page_ProjectBackend/input_amount 2'

2018-05-10 14:30:11 - [MESSAGE][PASSED] - Text '2' is set on object 'Object Repository/Objects-Cart list/Page_ProjectBackend/input_amount 2'

2018-05-10 14:30:11 - [TEST_STEP][PASSED] - verifyElementText: Actual text and expected text of test object 'Object Repository/Objects-Cart list/Page_ProjectBackend/td_productName 3' are matched.

2018-05-10 14:30:11 - [MESSAGE][PASSED] - Actual text and expected text of test object 'Object Repository/Objects-Cart list/Page_ProjectBackend/td_productName 3' are matched.

2018-05-10 14:30:11 - [TEST_STEP][PASSED] - verifyElementText: Actual text and expected text of test object 'Object Repository/Objects-Cart list/Page_ProjectBackend/td_productPrice 3' are matched.

2018-05-10 14:30:11 - [MESSAGE][PASSED] - Actual text and expected text of test object 'Object Repository/Objects-Cart list/Page_ProjectBackend/td_productPrice 3' are matched.

2018-05-10 14:30:11 - [TEST_STEP][PASSED] - setText: Text '2' is set on object 'Object Repository/Objects-Cart list/Page_ProjectBackend/input_amount 3'

2018-05-10 14:30:11 - [MESSAGE][PASSED] - Text '2' is set on object 'Object Repository/Objects-Cart list/Page_ProjectBackend/input_amount 3'

2018-05-10 14:30:11 - [TEST_STEP][PASSED] - verifyElementText: Actual text and expected text of test object 'Object Repository/Objects-Cart list/Page_ProjectBackend/td_productName 4' are matched.

2018-05-10 14:30:11 - [MESSAGE][PASSED] - Actual text and expected text of test object 'Object Repository/Objects-Cart list/Page_ProjectBackend/td_productName 4' are matched.

2018-05-10 14:30:11 - [TEST_STEP][PASSED] - verifyElementText: Actual text and expected text of test object 'Object Repository/Objects-Cart list/Page_ProjectBackend/td_productPrice 4' are matched.

2018-05-10 14:30:11 - [MESSAGE][PASSED] - Actual text and expected text of test object 'Object Repository/Objects-Cart list/Page_ProjectBackend/td_productPrice 4' are matched.

2018-05-10 14:30:11 - [TEST_STEP][PASSED] - setText: Text '2' is set on object 'Object Repository/Objects-Cart list/Page_ProjectBackend/input_amount 4'

2018-05-10 14:30:11 - [MESSAGE][PASSED] - Text '2' is set on object 'Object Repository/Objects-Cart list/Page_ProjectBackend/input_amount 4'

2018-05-10 14:30:11 - [TEST_STEP][PASSED] - verifyElementText: Actual text and expected text of test object 'Object Repository/Objects-Cart list/Page_ProjectBackend/td_productName 5' are matched.

2018-05-10 14:30:11 - [MESSAGE][PASSED] - Actual text and expected text of test object 'Object Repository/Objects-Cart list/Page_ProjectBackend/td_productName 5' are matched.

2018-05-10 14:30:11 - [TEST_STEP][PASSED] - verifyElementText: Actual text and expected text of test object 'Object Repository/Objects-Cart list/Page_ProjectBackend/td_productPrice 5' are matched.

2018-05-10 14:30:11 - [MESSAGE][PASSED] - Actual text and expected text of test object 'Object Repository/Objects-Cart list/Page_ProjectBackend/td_productPrice 5' are matched.

2018-05-10 14:30:11 - [TEST_STEP][PASSED] - setText: Text '2' is set on object 'Object Repository/Objects-Cart list/Page_ProjectBackend/input_amount 5'

2018-05-10 14:30:11 - [MESSAGE][PASSED] - Text '2' is set on object 'Object Repository/Objects-Cart list/Page_ProjectBackend/input_amount 5'

2018-05-10 14:30:11 - [TEST_STEP][PASSED] - verifyElementText: Actual text and expected text of test object 'Object Repository/Objects-Cart list/Page_ProjectBackend/p_Total price' are matched.

2018-05-10 14:30:11 - [MESSAGE][PASSED] - Actual text and expected text of test object 'Object Repository/Objects-Cart list/Page_ProjectBackend/p_Total price' are matched.

2018-05-10 14:30:11 - [TEST_STEP][PASSED] - closeBrowser: Browser is closed

2018-05-10 14:30:12 - [MESSAGE][PASSED] - Browser is closed]]></system-out>
         <system-err><![CDATA[]]></system-err>
      </testcase>
      <testcase name="Test Cases/Test-Cart list" classname="Test Cases/Test-Cart list" status="FAILED">
         <failure type="FAILED" message="Unable to click on object 'Object Repository/Objects-Cart list/Page_ProjectBackend/button_add to cart 1' (Root cause: com.kms.katalon.core.webui.exception.WebElementNotFoundException: Web element with id: 'Object Repository/Objects-Cart list/Page_ProjectBackend/button_add to cart 1' located by 'By.xpath: /html/body/app-root/app-product-list/div/div[2]/div/div[1]/a/div[2]/div[2]/button' not found)"/>
         <system-out><![CDATA[2018-05-10 14:30:12 - [TEST_CASE][FAILED] - Test Cases/Test-Cart list: Test Cases/Test-Cart list FAILED because (of) Unable to click on object 'Object Repository/Objects-Cart list/Page_ProjectBackend/button_add to cart 1' (Root cause: com.kms.katalon.core.webui.exception.WebElementNotFoundException: Web element with id: 'Object Repository/Objects-Cart list/Page_ProjectBackend/button_add to cart 1' located by 'By.xpath: /html/body/app-root/app-product-list/div/div[2]/div/div[1]/a/div[2]/div[2]/button' not found)

2018-05-10 14:30:12 - [TEST_STEP][PASSED] - openBrowser: Browser is opened with url: ''

2018-05-10 14:30:17 - [MESSAGE][PASSED] - Browser is opened with url: ''

2018-05-10 14:30:17 - [TEST_STEP][PASSED] - navigateToUrl: Navigate to 'http://34.215.216.185:7071' successfully

2018-05-10 14:30:22 - [MESSAGE][PASSED] - Navigate to 'http://34.215.216.185:7071' successfully

2018-05-10 14:30:22 - [TEST_STEP][PASSED] - setText: Text 'hello' is set on object 'Object Repository/Objects-Cart list/Page_ProjectBackend/input_username'

2018-05-10 14:30:22 - [MESSAGE][PASSED] - Text 'hello' is set on object 'Object Repository/Objects-Cart list/Page_ProjectBackend/input_username'

2018-05-10 14:30:22 - [TEST_STEP][PASSED] - setText: Text 'hello' is set on object 'Object Repository/Objects-Cart list/Page_ProjectBackend/input_password'

2018-05-10 14:30:22 - [MESSAGE][PASSED] - Text 'hello' is set on object 'Object Repository/Objects-Cart list/Page_ProjectBackend/input_password'

2018-05-10 14:30:22 - [TEST_STEP][PASSED] - click: Object: 'Object Repository/Objects-Cart list/Page_ProjectBackend/button_Login' is clicked on

2018-05-10 14:30:23 - [MESSAGE][PASSED] - Object: 'Object Repository/Objects-Cart list/Page_ProjectBackend/button_Login' is clicked on

2018-05-10 14:30:23 - [TEST_STEP][FAILED] - click: Unable to click on object 'Object Repository/Objects-Cart list/Page_ProjectBackend/button_add to cart 1' (Root cause: com.kms.katalon.core.webui.exception.WebElementNotFoundException: Web element with id: 'Object Repository/Objects-Cart list/Page_ProjectBackend/button_add to cart 1' located by 'By.xpath: /html/body/app-root/app-product-list/div/div[2]/div/div[1]/a/div[2]/div[2]/button' not found)

2018-05-10 14:30:53 - [MESSAGE][FAILED] - Unable to click on object 'Object Repository/Objects-Cart list/Page_ProjectBackend/button_add to cart 1' (Root cause: com.kms.katalon.core.webui.exception.WebElementNotFoundException: Web element with id: 'Object Repository/Objects-Cart list/Page_ProjectBackend/button_add to cart 1' located by 'By.xpath: /html/body/app-root/app-product-list/div/div[2]/div/div[1]/a/div[2]/div[2]/button' not found)
[[ATTACHMENT|E:\\592115005\\ASD\\234project-backend\\Katalon for Project\\Reports\\TestSuit-Cart list with changing amount\\20180510_142950\\1525937453429.png]]]]></system-out>
         <system-err><![CDATA[2018-05-10 14:30:12 - [TEST_CASE][FAILED] - Test Cases/Test-Cart list: Test Cases/Test-Cart list FAILED because (of) Unable to click on object 'Object Repository/Objects-Cart list/Page_ProjectBackend/button_add to cart 1' (Root cause: com.kms.katalon.core.webui.exception.WebElementNotFoundException: Web element with id: 'Object Repository/Objects-Cart list/Page_ProjectBackend/button_add to cart 1' located by 'By.xpath: /html/body/app-root/app-product-list/div/div[2]/div/div[1]/a/div[2]/div[2]/button' not found)]]></system-err>
      </testcase>
      <testcase name="Test Cases/Test-Cart list" classname="Test Cases/Test-Cart list" status="FAILED">
         <failure type="FAILED" message="Unable to click on object 'Object Repository/Objects-Cart list/Page_ProjectBackend/button_add to cart 1' (Root cause: com.kms.katalon.core.webui.exception.WebElementNotFoundException: Web element with id: 'Object Repository/Objects-Cart list/Page_ProjectBackend/button_add to cart 1' located by 'By.xpath: /html/body/app-root/app-product-list/div/div[2]/div/div[1]/a/div[2]/div[2]/button' not found)"/>
         <system-out><![CDATA[2018-05-10 14:30:53 - [TEST_CASE][FAILED] - Test Cases/Test-Cart list: Test Cases/Test-Cart list FAILED because (of) Unable to click on object 'Object Repository/Objects-Cart list/Page_ProjectBackend/button_add to cart 1' (Root cause: com.kms.katalon.core.webui.exception.WebElementNotFoundException: Web element with id: 'Object Repository/Objects-Cart list/Page_ProjectBackend/button_add to cart 1' located by 'By.xpath: /html/body/app-root/app-product-list/div/div[2]/div/div[1]/a/div[2]/div[2]/button' not found)

2018-05-10 14:30:53 - [TEST_STEP][PASSED] - openBrowser: Browser is opened with url: ''

2018-05-10 14:30:53 - [MESSAGE][WARNING] - A browser is already opened. Closing browser and opening a new one

2018-05-10 14:30:58 - [MESSAGE][PASSED] - Browser is opened with url: ''

2018-05-10 14:30:58 - [TEST_STEP][PASSED] - navigateToUrl: Navigate to 'http://34.215.216.185:7071' successfully

2018-05-10 14:31:04 - [MESSAGE][PASSED] - Navigate to 'http://34.215.216.185:7071' successfully

2018-05-10 14:31:04 - [TEST_STEP][PASSED] - setText: Text 'user' is set on object 'Object Repository/Objects-Cart list/Page_ProjectBackend/input_username'

2018-05-10 14:31:04 - [MESSAGE][PASSED] - Text 'user' is set on object 'Object Repository/Objects-Cart list/Page_ProjectBackend/input_username'

2018-05-10 14:31:04 - [TEST_STEP][PASSED] - setText: Text 'user' is set on object 'Object Repository/Objects-Cart list/Page_ProjectBackend/input_password'

2018-05-10 14:31:04 - [MESSAGE][PASSED] - Text 'user' is set on object 'Object Repository/Objects-Cart list/Page_ProjectBackend/input_password'

2018-05-10 14:31:04 - [TEST_STEP][PASSED] - click: Object: 'Object Repository/Objects-Cart list/Page_ProjectBackend/button_Login' is clicked on

2018-05-10 14:31:05 - [MESSAGE][PASSED] - Object: 'Object Repository/Objects-Cart list/Page_ProjectBackend/button_Login' is clicked on

2018-05-10 14:31:05 - [TEST_STEP][FAILED] - click: Unable to click on object 'Object Repository/Objects-Cart list/Page_ProjectBackend/button_add to cart 1' (Root cause: com.kms.katalon.core.webui.exception.WebElementNotFoundException: Web element with id: 'Object Repository/Objects-Cart list/Page_ProjectBackend/button_add to cart 1' located by 'By.xpath: /html/body/app-root/app-product-list/div/div[2]/div/div[1]/a/div[2]/div[2]/button' not found)

2018-05-10 14:31:35 - [MESSAGE][FAILED] - Unable to click on object 'Object Repository/Objects-Cart list/Page_ProjectBackend/button_add to cart 1' (Root cause: com.kms.katalon.core.webui.exception.WebElementNotFoundException: Web element with id: 'Object Repository/Objects-Cart list/Page_ProjectBackend/button_add to cart 1' located by 'By.xpath: /html/body/app-root/app-product-list/div/div[2]/div/div[1]/a/div[2]/div[2]/button' not found)
[[ATTACHMENT|E:\\592115005\\ASD\\234project-backend\\Katalon for Project\\Reports\\TestSuit-Cart list with changing amount\\20180510_142950\\1525937495494.png]]]]></system-out>
         <system-err><![CDATA[2018-05-10 14:30:53 - [TEST_CASE][FAILED] - Test Cases/Test-Cart list: Test Cases/Test-Cart list FAILED because (of) Unable to click on object 'Object Repository/Objects-Cart list/Page_ProjectBackend/button_add to cart 1' (Root cause: com.kms.katalon.core.webui.exception.WebElementNotFoundException: Web element with id: 'Object Repository/Objects-Cart list/Page_ProjectBackend/button_add to cart 1' located by 'By.xpath: /html/body/app-root/app-product-list/div/div[2]/div/div[1]/a/div[2]/div[2]/button' not found)]]></system-err>
      </testcase>
      <testcase name="Test Cases/Test-Cart list" classname="Test Cases/Test-Cart list" status="PASSED">
         <system-out><![CDATA[2018-05-10 14:31:35 - [TEST_CASE][PASSED] - Test Cases/Test-Cart list: Test Cases/Test-Cart list

2018-05-10 14:31:35 - [TEST_STEP][PASSED] - openBrowser: Browser is opened with url: ''

2018-05-10 14:31:35 - [MESSAGE][WARNING] - A browser is already opened. Closing browser and opening a new one

2018-05-10 14:31:40 - [MESSAGE][PASSED] - Browser is opened with url: ''

2018-05-10 14:31:40 - [TEST_STEP][PASSED] - navigateToUrl: Navigate to 'http://34.215.216.185:7071' successfully

2018-05-10 14:31:46 - [MESSAGE][PASSED] - Navigate to 'http://34.215.216.185:7071' successfully

2018-05-10 14:31:46 - [TEST_STEP][PASSED] - setText: Text 'hello' is set on object 'Object Repository/Objects-Cart list/Page_ProjectBackend/input_username'

2018-05-10 14:31:47 - [MESSAGE][PASSED] - Text 'hello' is set on object 'Object Repository/Objects-Cart list/Page_ProjectBackend/input_username'

2018-05-10 14:31:47 - [TEST_STEP][PASSED] - setText: Text 'hello' is set on object 'Object Repository/Objects-Cart list/Page_ProjectBackend/input_password'

2018-05-10 14:31:47 - [MESSAGE][PASSED] - Text 'hello' is set on object 'Object Repository/Objects-Cart list/Page_ProjectBackend/input_password'

2018-05-10 14:31:47 - [TEST_STEP][PASSED] - click: Object: 'Object Repository/Objects-Cart list/Page_ProjectBackend/button_Login' is clicked on

2018-05-10 14:31:47 - [MESSAGE][PASSED] - Object: 'Object Repository/Objects-Cart list/Page_ProjectBackend/button_Login' is clicked on

2018-05-10 14:31:47 - [TEST_STEP][PASSED] - click: Object: 'Object Repository/Objects-Cart list/Page_ProjectBackend/button_add to cart 1' is clicked on

2018-05-10 14:31:49 - [MESSAGE][PASSED] - Object: 'Object Repository/Objects-Cart list/Page_ProjectBackend/button_add to cart 1' is clicked on

2018-05-10 14:31:49 - [TEST_STEP][PASSED] - click: Object: 'Object Repository/Objects-Cart list/Page_ProjectBackend/button_add to cart 2' is clicked on

2018-05-10 14:31:49 - [MESSAGE][PASSED] - Object: 'Object Repository/Objects-Cart list/Page_ProjectBackend/button_add to cart 2' is clicked on

2018-05-10 14:31:49 - [TEST_STEP][PASSED] - click: Object: 'Object Repository/Objects-Cart list/Page_ProjectBackend/button_add to cart 3' is clicked on

2018-05-10 14:31:49 - [MESSAGE][PASSED] - Object: 'Object Repository/Objects-Cart list/Page_ProjectBackend/button_add to cart 3' is clicked on

2018-05-10 14:31:49 - [TEST_STEP][PASSED] - click: Object: 'Object Repository/Objects-Cart list/Page_ProjectBackend/button_add to cart 4' is clicked on

2018-05-10 14:31:50 - [MESSAGE][PASSED] - Object: 'Object Repository/Objects-Cart list/Page_ProjectBackend/button_add to cart 4' is clicked on

2018-05-10 14:31:50 - [TEST_STEP][PASSED] - click: Object: 'Object Repository/Objects-Cart list/Page_ProjectBackend/button_add to cart 5' is clicked on

2018-05-10 14:31:50 - [MESSAGE][PASSED] - Object: 'Object Repository/Objects-Cart list/Page_ProjectBackend/button_add to cart 5' is clicked on

2018-05-10 14:31:50 - [TEST_STEP][PASSED] - click: Object: 'Object Repository/Objects-Cart list/Page_ProjectBackend/menu_cart' is clicked on

2018-05-10 14:31:50 - [MESSAGE][PASSED] - Object: 'Object Repository/Objects-Cart list/Page_ProjectBackend/menu_cart' is clicked on

2018-05-10 14:31:50 - [TEST_STEP][PASSED] - verifyElementText: Actual text and expected text of test object 'Object Repository/Objects-Cart list/Page_ProjectBackend/td_productName 1' are matched.

2018-05-10 14:31:50 - [MESSAGE][PASSED] - Actual text and expected text of test object 'Object Repository/Objects-Cart list/Page_ProjectBackend/td_productName 1' are matched.

2018-05-10 14:31:50 - [TEST_STEP][PASSED] - verifyElementText: Actual text and expected text of test object 'Object Repository/Objects-Cart list/Page_ProjectBackend/td_productPrice 1' are matched.

2018-05-10 14:31:50 - [MESSAGE][PASSED] - Actual text and expected text of test object 'Object Repository/Objects-Cart list/Page_ProjectBackend/td_productPrice 1' are matched.

2018-05-10 14:31:50 - [TEST_STEP][PASSED] - setText: Text '5' is set on object 'Object Repository/Objects-Cart list/Page_ProjectBackend/input_amount 1'

2018-05-10 14:31:50 - [MESSAGE][PASSED] - Text '5' is set on object 'Object Repository/Objects-Cart list/Page_ProjectBackend/input_amount 1'

2018-05-10 14:31:50 - [TEST_STEP][PASSED] - verifyElementText: Actual text and expected text of test object 'Object Repository/Objects-Cart list/Page_ProjectBackend/td_productName 2' are matched.

2018-05-10 14:31:50 - [MESSAGE][PASSED] - Actual text and expected text of test object 'Object Repository/Objects-Cart list/Page_ProjectBackend/td_productName 2' are matched.

2018-05-10 14:31:50 - [TEST_STEP][PASSED] - verifyElementText: Actual text and expected text of test object 'Object Repository/Objects-Cart list/Page_ProjectBackend/td_productPrice 2' are matched.

2018-05-10 14:31:50 - [MESSAGE][PASSED] - Actual text and expected text of test object 'Object Repository/Objects-Cart list/Page_ProjectBackend/td_productPrice 2' are matched.

2018-05-10 14:31:50 - [TEST_STEP][PASSED] - setText: Text '5' is set on object 'Object Repository/Objects-Cart list/Page_ProjectBackend/input_amount 2'

2018-05-10 14:31:50 - [MESSAGE][PASSED] - Text '5' is set on object 'Object Repository/Objects-Cart list/Page_ProjectBackend/input_amount 2'

2018-05-10 14:31:50 - [TEST_STEP][PASSED] - verifyElementText: Actual text and expected text of test object 'Object Repository/Objects-Cart list/Page_ProjectBackend/td_productName 3' are matched.

2018-05-10 14:31:50 - [MESSAGE][PASSED] - Actual text and expected text of test object 'Object Repository/Objects-Cart list/Page_ProjectBackend/td_productName 3' are matched.

2018-05-10 14:31:50 - [TEST_STEP][PASSED] - verifyElementText: Actual text and expected text of test object 'Object Repository/Objects-Cart list/Page_ProjectBackend/td_productPrice 3' are matched.

2018-05-10 14:31:50 - [MESSAGE][PASSED] - Actual text and expected text of test object 'Object Repository/Objects-Cart list/Page_ProjectBackend/td_productPrice 3' are matched.

2018-05-10 14:31:50 - [TEST_STEP][PASSED] - setText: Text '5' is set on object 'Object Repository/Objects-Cart list/Page_ProjectBackend/input_amount 3'

2018-05-10 14:31:50 - [MESSAGE][PASSED] - Text '5' is set on object 'Object Repository/Objects-Cart list/Page_ProjectBackend/input_amount 3'

2018-05-10 14:31:50 - [TEST_STEP][PASSED] - verifyElementText: Actual text and expected text of test object 'Object Repository/Objects-Cart list/Page_ProjectBackend/td_productName 4' are matched.

2018-05-10 14:31:50 - [MESSAGE][PASSED] - Actual text and expected text of test object 'Object Repository/Objects-Cart list/Page_ProjectBackend/td_productName 4' are matched.

2018-05-10 14:31:50 - [TEST_STEP][PASSED] - verifyElementText: Actual text and expected text of test object 'Object Repository/Objects-Cart list/Page_ProjectBackend/td_productPrice 4' are matched.

2018-05-10 14:31:50 - [MESSAGE][PASSED] - Actual text and expected text of test object 'Object Repository/Objects-Cart list/Page_ProjectBackend/td_productPrice 4' are matched.

2018-05-10 14:31:50 - [TEST_STEP][PASSED] - setText: Text '5' is set on object 'Object Repository/Objects-Cart list/Page_ProjectBackend/input_amount 4'

2018-05-10 14:31:50 - [MESSAGE][PASSED] - Text '5' is set on object 'Object Repository/Objects-Cart list/Page_ProjectBackend/input_amount 4'

2018-05-10 14:31:50 - [TEST_STEP][PASSED] - verifyElementText: Actual text and expected text of test object 'Object Repository/Objects-Cart list/Page_ProjectBackend/td_productName 5' are matched.

2018-05-10 14:31:50 - [MESSAGE][PASSED] - Actual text and expected text of test object 'Object Repository/Objects-Cart list/Page_ProjectBackend/td_productName 5' are matched.

2018-05-10 14:31:50 - [TEST_STEP][PASSED] - verifyElementText: Actual text and expected text of test object 'Object Repository/Objects-Cart list/Page_ProjectBackend/td_productPrice 5' are matched.

2018-05-10 14:31:50 - [MESSAGE][PASSED] - Actual text and expected text of test object 'Object Repository/Objects-Cart list/Page_ProjectBackend/td_productPrice 5' are matched.

2018-05-10 14:31:50 - [TEST_STEP][PASSED] - setText: Text '5' is set on object 'Object Repository/Objects-Cart list/Page_ProjectBackend/input_amount 5'

2018-05-10 14:31:50 - [MESSAGE][PASSED] - Text '5' is set on object 'Object Repository/Objects-Cart list/Page_ProjectBackend/input_amount 5'

2018-05-10 14:31:50 - [TEST_STEP][PASSED] - verifyElementText: Actual text and expected text of test object 'Object Repository/Objects-Cart list/Page_ProjectBackend/p_Total price' are matched.

2018-05-10 14:31:50 - [MESSAGE][PASSED] - Actual text and expected text of test object 'Object Repository/Objects-Cart list/Page_ProjectBackend/p_Total price' are matched.

2018-05-10 14:31:50 - [TEST_STEP][PASSED] - closeBrowser: Browser is closed

2018-05-10 14:31:51 - [MESSAGE][PASSED] - Browser is closed]]></system-out>
         <system-err><![CDATA[]]></system-err>
      </testcase>
      <system-out><![CDATA[2018-05-10 14:29:55 - [TEST_SUITE][FAILED] - TestSuit-Cart list with changing amount: Test Cases/Test-Cart list FAILED because (of) Unable to click on object 'Object Repository/Objects-Cart list/Page_ProjectBackend/button_add to cart 1' (Root cause: com.kms.katalon.core.webui.exception.WebElementNotFoundException: Web element with id: 'Object Repository/Objects-Cart list/Page_ProjectBackend/button_add to cart 1' located by 'By.xpath: /html/body/app-root/app-product-list/div/div[2]/div/div[1]/a/div[2]/div[2]/button' not found)]]></system-out>
      <system-err><![CDATA[2018-05-10 14:29:55 - [TEST_SUITE][FAILED] - TestSuit-Cart list with changing amount: Test Cases/Test-Cart list FAILED because (of) Unable to click on object 'Object Repository/Objects-Cart list/Page_ProjectBackend/button_add to cart 1' (Root cause: com.kms.katalon.core.webui.exception.WebElementNotFoundException: Web element with id: 'Object Repository/Objects-Cart list/Page_ProjectBackend/button_add to cart 1' located by 'By.xpath: /html/body/app-root/app-product-list/div/div[2]/div/div[1]/a/div[2]/div[2]/button' not found)]]></system-err>
   </testsuite>
</testsuites>
