<?xml version="1.0" encoding="UTF-8"?>
<testsuites name="TestSuit-Cart list with changing amount" time="183" tests="1" failures="3" errors="0">
   <testsuite name="TestSuit-Cart list with changing amount" tests="1" failures="3" errors="0" time="183" timestamp="2018-05-10 14:44:09" hostname="amnesia - DESKTOP-JOTRSDM" id="Test Suites/TestSuit-Cart list with changing amount">
      <properties>
         <property name="deviceName" value=""/>
         <property name="devicePlatform" value=""/>
         <property name="logFolder" value="E:\\592115005\\ASD\\234project-backend\\Katalon for Project\\Reports\\TestSuit-Cart list with changing amount\\20180510_144403"/>
         <property name="logFiles" value="E:\\592115005\\ASD\\234project-backend\\Katalon for Project\\Reports\\TestSuit-Cart list with changing amount\\20180510_144403\\execution0.log"/>
         <property name="attachments" value="E:\\592115005\\ASD\\234project-backend\\Katalon for Project\\Reports\\TestSuit-Cart list with changing amount\\20180510_144403\\1525938351929.png, E:\\592115005\\ASD\\234project-backend\\Katalon for Project\\Reports\\TestSuit-Cart list with changing amount\\20180510_144403\\1525938403055.png"/>
         <property name="hostName" value="amnesia - DESKTOP-JOTRSDM"/>
         <property name="os" value="Windows 10 64bit"/>
         <property name="katalonVersion" value="5.3.1.1"/>
         <property name="browser" value="Firefox 59.0"/>
         <property name="hostAddress" value="192.168.56.1"/>
         <property name="sessionId" value="ce18e221-722e-452f-8183-7e965c541e51"/>
         <property name="seleniumVersion" value="3.7.1"/>
         <property name="proxyInformation" value="ProxyInformation{proxyOption=NO_PROXY, proxyServerType=HTTP, password=, proxyServerAddress=, proxyServerPort=0}"/>
         <property name="platform" value="Windows 10"/>
      </properties>
      <testcase name="Test Cases/Test-Cart list" classname="Test Cases/Test-Cart list" status="PASSED">
         <system-out><![CDATA[2018-05-10 14:44:09 - [TEST_CASE][PASSED] - Test Cases/Test-Cart list: Test Cases/Test-Cart list

2018-05-10 14:44:09 - [TEST_STEP][PASSED] - openBrowser: Browser is opened with url: ''

2018-05-10 14:44:15 - [MESSAGE][PASSED] - Browser is opened with url: ''

2018-05-10 14:44:15 - [TEST_STEP][PASSED] - navigateToUrl: Navigate to 'http://34.215.216.185:7071' successfully

2018-05-10 14:44:49 - [MESSAGE][PASSED] - Navigate to 'http://34.215.216.185:7071' successfully

2018-05-10 14:44:49 - [TEST_STEP][PASSED] - setText: Text 'user' is set on object 'Object Repository/Objects-Cart list/Page_ProjectBackend/input_username'

2018-05-10 14:44:49 - [MESSAGE][PASSED] - Text 'user' is set on object 'Object Repository/Objects-Cart list/Page_ProjectBackend/input_username'

2018-05-10 14:44:49 - [TEST_STEP][PASSED] - setText: Text 'user' is set on object 'Object Repository/Objects-Cart list/Page_ProjectBackend/input_password'

2018-05-10 14:44:49 - [MESSAGE][PASSED] - Text 'user' is set on object 'Object Repository/Objects-Cart list/Page_ProjectBackend/input_password'

2018-05-10 14:44:49 - [TEST_STEP][PASSED] - click: Object: 'Object Repository/Objects-Cart list/Page_ProjectBackend/button_Login' is clicked on

2018-05-10 14:44:50 - [MESSAGE][PASSED] - Object: 'Object Repository/Objects-Cart list/Page_ProjectBackend/button_Login' is clicked on

2018-05-10 14:44:50 - [TEST_STEP][PASSED] - waitForElementNotPresent: Web element with id: 'Object Repository/Objects-Cart list/Page_ProjectBackend/button_add to cart 1' located by 'By.xpath: /html/body/app-root/app-product-list/div/div[2]/div/div[1]/a/div[2]/div[2]/button' is not present after '30' second(s)

2018-05-10 14:44:50 - [MESSAGE][WARNING] - Timeout '0' is invalid. Using default page load timeout: '30'

2018-05-10 14:44:50 - [MESSAGE][PASSED] - Web element with id: 'Object Repository/Objects-Cart list/Page_ProjectBackend/button_add to cart 1' located by 'By.xpath: /html/body/app-root/app-product-list/div/div[2]/div/div[1]/a/div[2]/div[2]/button' is not present after '30' second(s)

2018-05-10 14:44:50 - [TEST_STEP][PASSED] - click: Object: 'Object Repository/Objects-Cart list/Page_ProjectBackend/button_add to cart 1' is clicked on

2018-05-10 14:44:51 - [MESSAGE][PASSED] - Object: 'Object Repository/Objects-Cart list/Page_ProjectBackend/button_add to cart 1' is clicked on

2018-05-10 14:44:51 - [TEST_STEP][PASSED] - click: Object: 'Object Repository/Objects-Cart list/Page_ProjectBackend/button_add to cart 2' is clicked on

2018-05-10 14:44:51 - [MESSAGE][PASSED] - Object: 'Object Repository/Objects-Cart list/Page_ProjectBackend/button_add to cart 2' is clicked on

2018-05-10 14:44:51 - [TEST_STEP][PASSED] - click: Object: 'Object Repository/Objects-Cart list/Page_ProjectBackend/button_add to cart 3' is clicked on

2018-05-10 14:44:52 - [MESSAGE][PASSED] - Object: 'Object Repository/Objects-Cart list/Page_ProjectBackend/button_add to cart 3' is clicked on

2018-05-10 14:44:52 - [TEST_STEP][PASSED] - click: Object: 'Object Repository/Objects-Cart list/Page_ProjectBackend/button_add to cart 4' is clicked on

2018-05-10 14:44:52 - [MESSAGE][PASSED] - Object: 'Object Repository/Objects-Cart list/Page_ProjectBackend/button_add to cart 4' is clicked on

2018-05-10 14:44:52 - [TEST_STEP][PASSED] - click: Object: 'Object Repository/Objects-Cart list/Page_ProjectBackend/button_add to cart 5' is clicked on

2018-05-10 14:44:52 - [MESSAGE][PASSED] - Object: 'Object Repository/Objects-Cart list/Page_ProjectBackend/button_add to cart 5' is clicked on

2018-05-10 14:44:52 - [TEST_STEP][PASSED] - click: Object: 'Object Repository/Objects-Cart list/Page_ProjectBackend/menu_cart' is clicked on

2018-05-10 14:44:52 - [MESSAGE][PASSED] - Object: 'Object Repository/Objects-Cart list/Page_ProjectBackend/menu_cart' is clicked on

2018-05-10 14:44:52 - [TEST_STEP][PASSED] - verifyElementText: Actual text and expected text of test object 'Object Repository/Objects-Cart list/Page_ProjectBackend/td_productName 1' are matched.

2018-05-10 14:44:52 - [MESSAGE][PASSED] - Actual text and expected text of test object 'Object Repository/Objects-Cart list/Page_ProjectBackend/td_productName 1' are matched.

2018-05-10 14:44:52 - [TEST_STEP][PASSED] - verifyElementText: Actual text and expected text of test object 'Object Repository/Objects-Cart list/Page_ProjectBackend/td_productPrice 1' are matched.

2018-05-10 14:44:52 - [MESSAGE][PASSED] - Actual text and expected text of test object 'Object Repository/Objects-Cart list/Page_ProjectBackend/td_productPrice 1' are matched.

2018-05-10 14:44:52 - [TEST_STEP][PASSED] - setText: Text '2' is set on object 'Object Repository/Objects-Cart list/Page_ProjectBackend/input_amount 1'

2018-05-10 14:44:52 - [MESSAGE][PASSED] - Text '2' is set on object 'Object Repository/Objects-Cart list/Page_ProjectBackend/input_amount 1'

2018-05-10 14:44:52 - [TEST_STEP][PASSED] - verifyElementText: Actual text and expected text of test object 'Object Repository/Objects-Cart list/Page_ProjectBackend/td_productName 2' are matched.

2018-05-10 14:44:52 - [MESSAGE][PASSED] - Actual text and expected text of test object 'Object Repository/Objects-Cart list/Page_ProjectBackend/td_productName 2' are matched.

2018-05-10 14:44:52 - [TEST_STEP][PASSED] - verifyElementText: Actual text and expected text of test object 'Object Repository/Objects-Cart list/Page_ProjectBackend/td_productPrice 2' are matched.

2018-05-10 14:44:52 - [MESSAGE][PASSED] - Actual text and expected text of test object 'Object Repository/Objects-Cart list/Page_ProjectBackend/td_productPrice 2' are matched.

2018-05-10 14:44:52 - [TEST_STEP][PASSED] - setText: Text '2' is set on object 'Object Repository/Objects-Cart list/Page_ProjectBackend/input_amount 2'

2018-05-10 14:44:52 - [MESSAGE][PASSED] - Text '2' is set on object 'Object Repository/Objects-Cart list/Page_ProjectBackend/input_amount 2'

2018-05-10 14:44:52 - [TEST_STEP][PASSED] - verifyElementText: Actual text and expected text of test object 'Object Repository/Objects-Cart list/Page_ProjectBackend/td_productName 3' are matched.

2018-05-10 14:44:52 - [MESSAGE][PASSED] - Actual text and expected text of test object 'Object Repository/Objects-Cart list/Page_ProjectBackend/td_productName 3' are matched.

2018-05-10 14:44:52 - [TEST_STEP][PASSED] - verifyElementText: Actual text and expected text of test object 'Object Repository/Objects-Cart list/Page_ProjectBackend/td_productPrice 3' are matched.

2018-05-10 14:44:53 - [MESSAGE][PASSED] - Actual text and expected text of test object 'Object Repository/Objects-Cart list/Page_ProjectBackend/td_productPrice 3' are matched.

2018-05-10 14:44:53 - [TEST_STEP][PASSED] - setText: Text '2' is set on object 'Object Repository/Objects-Cart list/Page_ProjectBackend/input_amount 3'

2018-05-10 14:44:53 - [MESSAGE][PASSED] - Text '2' is set on object 'Object Repository/Objects-Cart list/Page_ProjectBackend/input_amount 3'

2018-05-10 14:44:53 - [TEST_STEP][PASSED] - verifyElementText: Actual text and expected text of test object 'Object Repository/Objects-Cart list/Page_ProjectBackend/td_productName 4' are matched.

2018-05-10 14:44:53 - [MESSAGE][PASSED] - Actual text and expected text of test object 'Object Repository/Objects-Cart list/Page_ProjectBackend/td_productName 4' are matched.

2018-05-10 14:44:53 - [TEST_STEP][PASSED] - verifyElementText: Actual text and expected text of test object 'Object Repository/Objects-Cart list/Page_ProjectBackend/td_productPrice 4' are matched.

2018-05-10 14:44:53 - [MESSAGE][PASSED] - Actual text and expected text of test object 'Object Repository/Objects-Cart list/Page_ProjectBackend/td_productPrice 4' are matched.

2018-05-10 14:44:53 - [TEST_STEP][PASSED] - setText: Text '2' is set on object 'Object Repository/Objects-Cart list/Page_ProjectBackend/input_amount 4'

2018-05-10 14:44:53 - [MESSAGE][PASSED] - Text '2' is set on object 'Object Repository/Objects-Cart list/Page_ProjectBackend/input_amount 4'

2018-05-10 14:44:53 - [TEST_STEP][PASSED] - verifyElementText: Actual text and expected text of test object 'Object Repository/Objects-Cart list/Page_ProjectBackend/td_productName 5' are matched.

2018-05-10 14:44:53 - [MESSAGE][PASSED] - Actual text and expected text of test object 'Object Repository/Objects-Cart list/Page_ProjectBackend/td_productName 5' are matched.

2018-05-10 14:44:53 - [TEST_STEP][PASSED] - verifyElementText: Actual text and expected text of test object 'Object Repository/Objects-Cart list/Page_ProjectBackend/td_productPrice 5' are matched.

2018-05-10 14:44:53 - [MESSAGE][PASSED] - Actual text and expected text of test object 'Object Repository/Objects-Cart list/Page_ProjectBackend/td_productPrice 5' are matched.

2018-05-10 14:44:53 - [TEST_STEP][PASSED] - setText: Text '2' is set on object 'Object Repository/Objects-Cart list/Page_ProjectBackend/input_amount 5'

2018-05-10 14:44:53 - [MESSAGE][PASSED] - Text '2' is set on object 'Object Repository/Objects-Cart list/Page_ProjectBackend/input_amount 5'

2018-05-10 14:44:53 - [TEST_STEP][PASSED] - verifyElementText: Actual text and expected text of test object 'Object Repository/Objects-Cart list/Page_ProjectBackend/p_Total price' are matched.

2018-05-10 14:44:53 - [MESSAGE][PASSED] - Actual text and expected text of test object 'Object Repository/Objects-Cart list/Page_ProjectBackend/p_Total price' are matched.

2018-05-10 14:44:53 - [TEST_STEP][PASSED] - closeBrowser: Browser is closed

2018-05-10 14:44:53 - [MESSAGE][PASSED] - Browser is closed]]></system-out>
         <system-err><![CDATA[]]></system-err>
      </testcase>
      <testcase name="Test Cases/Test-Cart list" classname="Test Cases/Test-Cart list" status="FAILED">
         <failure type="FAILED" message="Unable to click on object 'Object Repository/Objects-Cart list/Page_ProjectBackend/button_add to cart 1' (Root cause: com.kms.katalon.core.webui.exception.WebElementNotFoundException: Web element with id: 'Object Repository/Objects-Cart list/Page_ProjectBackend/button_add to cart 1' located by 'By.xpath: /html/body/app-root/app-product-list/div/div[2]/div/div[1]/a/div[2]/div[2]/button' not found)"/>
         <system-out><![CDATA[2018-05-10 14:44:53 - [TEST_CASE][FAILED] - Test Cases/Test-Cart list: Test Cases/Test-Cart list FAILED because (of) Unable to click on object 'Object Repository/Objects-Cart list/Page_ProjectBackend/button_add to cart 1' (Root cause: com.kms.katalon.core.webui.exception.WebElementNotFoundException: Web element with id: 'Object Repository/Objects-Cart list/Page_ProjectBackend/button_add to cart 1' located by 'By.xpath: /html/body/app-root/app-product-list/div/div[2]/div/div[1]/a/div[2]/div[2]/button' not found)

2018-05-10 14:44:53 - [TEST_STEP][PASSED] - openBrowser: Browser is opened with url: ''

2018-05-10 14:44:58 - [MESSAGE][PASSED] - Browser is opened with url: ''

2018-05-10 14:44:58 - [TEST_STEP][PASSED] - navigateToUrl: Navigate to 'http://34.215.216.185:7071' successfully

2018-05-10 14:45:20 - [MESSAGE][PASSED] - Navigate to 'http://34.215.216.185:7071' successfully

2018-05-10 14:45:20 - [TEST_STEP][PASSED] - setText: Text 'hello' is set on object 'Object Repository/Objects-Cart list/Page_ProjectBackend/input_username'

2018-05-10 14:45:20 - [MESSAGE][PASSED] - Text 'hello' is set on object 'Object Repository/Objects-Cart list/Page_ProjectBackend/input_username'

2018-05-10 14:45:20 - [TEST_STEP][PASSED] - setText: Text 'hello' is set on object 'Object Repository/Objects-Cart list/Page_ProjectBackend/input_password'

2018-05-10 14:45:20 - [MESSAGE][PASSED] - Text 'hello' is set on object 'Object Repository/Objects-Cart list/Page_ProjectBackend/input_password'

2018-05-10 14:45:20 - [TEST_STEP][PASSED] - click: Object: 'Object Repository/Objects-Cart list/Page_ProjectBackend/button_Login' is clicked on

2018-05-10 14:45:21 - [MESSAGE][PASSED] - Object: 'Object Repository/Objects-Cart list/Page_ProjectBackend/button_Login' is clicked on

2018-05-10 14:45:21 - [TEST_STEP][PASSED] - waitForElementNotPresent: Web element with id: 'Object Repository/Objects-Cart list/Page_ProjectBackend/button_add to cart 1' located by 'By.xpath: /html/body/app-root/app-product-list/div/div[2]/div/div[1]/a/div[2]/div[2]/button' is not present after '30' second(s)

2018-05-10 14:45:21 - [MESSAGE][WARNING] - Timeout '0' is invalid. Using default page load timeout: '30'

2018-05-10 14:45:21 - [MESSAGE][PASSED] - Web element with id: 'Object Repository/Objects-Cart list/Page_ProjectBackend/button_add to cart 1' located by 'By.xpath: /html/body/app-root/app-product-list/div/div[2]/div/div[1]/a/div[2]/div[2]/button' is not present after '30' second(s)

2018-05-10 14:45:21 - [TEST_STEP][FAILED] - click: Unable to click on object 'Object Repository/Objects-Cart list/Page_ProjectBackend/button_add to cart 1' (Root cause: com.kms.katalon.core.webui.exception.WebElementNotFoundException: Web element with id: 'Object Repository/Objects-Cart list/Page_ProjectBackend/button_add to cart 1' located by 'By.xpath: /html/body/app-root/app-product-list/div/div[2]/div/div[1]/a/div[2]/div[2]/button' not found)

2018-05-10 14:45:51 - [MESSAGE][FAILED] - Unable to click on object 'Object Repository/Objects-Cart list/Page_ProjectBackend/button_add to cart 1' (Root cause: com.kms.katalon.core.webui.exception.WebElementNotFoundException: Web element with id: 'Object Repository/Objects-Cart list/Page_ProjectBackend/button_add to cart 1' located by 'By.xpath: /html/body/app-root/app-product-list/div/div[2]/div/div[1]/a/div[2]/div[2]/button' not found)
[[ATTACHMENT|E:\\592115005\\ASD\\234project-backend\\Katalon for Project\\Reports\\TestSuit-Cart list with changing amount\\20180510_144403\\1525938351929.png]]]]></system-out>
         <system-err><![CDATA[2018-05-10 14:44:53 - [TEST_CASE][FAILED] - Test Cases/Test-Cart list: Test Cases/Test-Cart list FAILED because (of) Unable to click on object 'Object Repository/Objects-Cart list/Page_ProjectBackend/button_add to cart 1' (Root cause: com.kms.katalon.core.webui.exception.WebElementNotFoundException: Web element with id: 'Object Repository/Objects-Cart list/Page_ProjectBackend/button_add to cart 1' located by 'By.xpath: /html/body/app-root/app-product-list/div/div[2]/div/div[1]/a/div[2]/div[2]/button' not found)]]></system-err>
      </testcase>
      <testcase name="Test Cases/Test-Cart list" classname="Test Cases/Test-Cart list" status="FAILED">
         <failure type="FAILED" message="Unable to click on object 'Object Repository/Objects-Cart list/Page_ProjectBackend/button_add to cart 1' (Root cause: com.kms.katalon.core.webui.exception.WebElementNotFoundException: Web element with id: 'Object Repository/Objects-Cart list/Page_ProjectBackend/button_add to cart 1' located by 'By.xpath: /html/body/app-root/app-product-list/div/div[2]/div/div[1]/a/div[2]/div[2]/button' not found)"/>
         <system-out><![CDATA[2018-05-10 14:45:51 - [TEST_CASE][FAILED] - Test Cases/Test-Cart list: Test Cases/Test-Cart list FAILED because (of) Unable to click on object 'Object Repository/Objects-Cart list/Page_ProjectBackend/button_add to cart 1' (Root cause: com.kms.katalon.core.webui.exception.WebElementNotFoundException: Web element with id: 'Object Repository/Objects-Cart list/Page_ProjectBackend/button_add to cart 1' located by 'By.xpath: /html/body/app-root/app-product-list/div/div[2]/div/div[1]/a/div[2]/div[2]/button' not found)

2018-05-10 14:45:51 - [TEST_STEP][PASSED] - openBrowser: Browser is opened with url: ''

2018-05-10 14:45:51 - [MESSAGE][WARNING] - A browser is already opened. Closing browser and opening a new one

2018-05-10 14:45:57 - [MESSAGE][PASSED] - Browser is opened with url: ''

2018-05-10 14:45:57 - [TEST_STEP][PASSED] - navigateToUrl: Navigate to 'http://34.215.216.185:7071' successfully

2018-05-10 14:46:12 - [MESSAGE][PASSED] - Navigate to 'http://34.215.216.185:7071' successfully

2018-05-10 14:46:12 - [TEST_STEP][PASSED] - setText: Text 'user' is set on object 'Object Repository/Objects-Cart list/Page_ProjectBackend/input_username'

2018-05-10 14:46:12 - [MESSAGE][PASSED] - Text 'user' is set on object 'Object Repository/Objects-Cart list/Page_ProjectBackend/input_username'

2018-05-10 14:46:12 - [TEST_STEP][PASSED] - setText: Text 'user' is set on object 'Object Repository/Objects-Cart list/Page_ProjectBackend/input_password'

2018-05-10 14:46:12 - [MESSAGE][PASSED] - Text 'user' is set on object 'Object Repository/Objects-Cart list/Page_ProjectBackend/input_password'

2018-05-10 14:46:12 - [TEST_STEP][PASSED] - click: Object: 'Object Repository/Objects-Cart list/Page_ProjectBackend/button_Login' is clicked on

2018-05-10 14:46:12 - [MESSAGE][PASSED] - Object: 'Object Repository/Objects-Cart list/Page_ProjectBackend/button_Login' is clicked on

2018-05-10 14:46:12 - [TEST_STEP][PASSED] - waitForElementNotPresent: Web element with id: 'Object Repository/Objects-Cart list/Page_ProjectBackend/button_add to cart 1' located by 'By.xpath: /html/body/app-root/app-product-list/div/div[2]/div/div[1]/a/div[2]/div[2]/button' is not present after '30' second(s)

2018-05-10 14:46:12 - [MESSAGE][WARNING] - Timeout '0' is invalid. Using default page load timeout: '30'

2018-05-10 14:46:12 - [MESSAGE][PASSED] - Web element with id: 'Object Repository/Objects-Cart list/Page_ProjectBackend/button_add to cart 1' located by 'By.xpath: /html/body/app-root/app-product-list/div/div[2]/div/div[1]/a/div[2]/div[2]/button' is not present after '30' second(s)

2018-05-10 14:46:12 - [TEST_STEP][FAILED] - click: Unable to click on object 'Object Repository/Objects-Cart list/Page_ProjectBackend/button_add to cart 1' (Root cause: com.kms.katalon.core.webui.exception.WebElementNotFoundException: Web element with id: 'Object Repository/Objects-Cart list/Page_ProjectBackend/button_add to cart 1' located by 'By.xpath: /html/body/app-root/app-product-list/div/div[2]/div/div[1]/a/div[2]/div[2]/button' not found)

2018-05-10 14:46:43 - [MESSAGE][FAILED] - Unable to click on object 'Object Repository/Objects-Cart list/Page_ProjectBackend/button_add to cart 1' (Root cause: com.kms.katalon.core.webui.exception.WebElementNotFoundException: Web element with id: 'Object Repository/Objects-Cart list/Page_ProjectBackend/button_add to cart 1' located by 'By.xpath: /html/body/app-root/app-product-list/div/div[2]/div/div[1]/a/div[2]/div[2]/button' not found)
[[ATTACHMENT|E:\\592115005\\ASD\\234project-backend\\Katalon for Project\\Reports\\TestSuit-Cart list with changing amount\\20180510_144403\\1525938403055.png]]]]></system-out>
         <system-err><![CDATA[2018-05-10 14:45:51 - [TEST_CASE][FAILED] - Test Cases/Test-Cart list: Test Cases/Test-Cart list FAILED because (of) Unable to click on object 'Object Repository/Objects-Cart list/Page_ProjectBackend/button_add to cart 1' (Root cause: com.kms.katalon.core.webui.exception.WebElementNotFoundException: Web element with id: 'Object Repository/Objects-Cart list/Page_ProjectBackend/button_add to cart 1' located by 'By.xpath: /html/body/app-root/app-product-list/div/div[2]/div/div[1]/a/div[2]/div[2]/button' not found)]]></system-err>
      </testcase>
      <testcase name="Test Cases/Test-Cart list" classname="Test Cases/Test-Cart list" status="FAILED">
         <failure type="FAILED" message="Unable to click on object 'Object Repository/Objects-Cart list/Page_ProjectBackend/button_add to cart 1' (Root cause: org.openqa.selenium.WebDriverException: Failed to decode response from marionette
Build info: version: '3.7.1', revision: '8a0099a', time: '2017-11-06T21:07:36.161Z'
System info: host: 'DESKTOP-JOTRSDM', ip: '192.168.56.1', os.name: 'Windows 10', os.arch: 'amd64', os.version: '10.0', java.version: '1.8.0_102'
Driver info: com.kms.katalon.core.webui.driver.firefox.CGeckoDriver
Capabilities {acceptInsecureCerts: true, browserName: firefox, browserVersion: 59.0.3, javascriptEnabled: true, moz:accessibilityChecks: false, moz:headless: false, moz:processID: 5908, moz:profile: C:\Users\amnesia\AppData\Lo..., moz:useNonSpecCompliantPointerOrigin: false, moz:webdriverClick: true, pageLoadStrategy: normal, platform: XP, platformName: XP, platformVersion: 10.0, proxy: Proxy(direct), rotatable: false, timeouts: {implicit: 0, pageLoad: 300000, script: 30000}}
Session ID: ce18e221-722e-452f-8183-7e965c541e51
*** Element info: {Using=xpath, value=/html/body/app-root/app-product-list/div/div[2]/div/div[1]/a/div[2]/div[2]/button})"/>
         <system-out><![CDATA[2018-05-10 14:46:43 - [TEST_CASE][FAILED] - Test Cases/Test-Cart list: Test Cases/Test-Cart list FAILED because (of) Unable to click on object 'Object Repository/Objects-Cart list/Page_ProjectBackend/button_add to cart 1' (Root cause: org.openqa.selenium.WebDriverException: Failed to decode response from marionette
Build info: version: '3.7.1', revision: '8a0099a', time: '2017-11-06T21:07:36.161Z'
System info: host: 'DESKTOP-JOTRSDM', ip: '192.168.56.1', os.name: 'Windows 10', os.arch: 'amd64', os.version: '10.0', java.version: '1.8.0_102'
Driver info: com.kms.katalon.core.webui.driver.firefox.CGeckoDriver
Capabilities {acceptInsecureCerts: true, browserName: firefox, browserVersion: 59.0.3, javascriptEnabled: true, moz:accessibilityChecks: false, moz:headless: false, moz:processID: 5908, moz:profile: C:\Users\amnesia\AppData\Lo..., moz:useNonSpecCompliantPointerOrigin: false, moz:webdriverClick: true, pageLoadStrategy: normal, platform: XP, platformName: XP, platformVersion: 10.0, proxy: Proxy(direct), rotatable: false, timeouts: {implicit: 0, pageLoad: 300000, script: 30000}}
Session ID: ce18e221-722e-452f-8183-7e965c541e51
*** Element info: {Using=xpath, value=/html/body/app-root/app-product-list/div/div[2]/div/div[1]/a/div[2]/div[2]/button})

2018-05-10 14:46:43 - [TEST_STEP][PASSED] - openBrowser: Browser is opened with url: ''

2018-05-10 14:46:43 - [MESSAGE][WARNING] - A browser is already opened. Closing browser and opening a new one

2018-05-10 14:46:48 - [MESSAGE][PASSED] - Browser is opened with url: ''

2018-05-10 14:46:48 - [TEST_STEP][PASSED] - navigateToUrl: Navigate to 'http://34.215.216.185:7071' successfully

2018-05-10 14:47:02 - [MESSAGE][PASSED] - Navigate to 'http://34.215.216.185:7071' successfully

2018-05-10 14:47:02 - [TEST_STEP][PASSED] - setText: Text 'hello' is set on object 'Object Repository/Objects-Cart list/Page_ProjectBackend/input_username'

2018-05-10 14:47:02 - [MESSAGE][PASSED] - Text 'hello' is set on object 'Object Repository/Objects-Cart list/Page_ProjectBackend/input_username'

2018-05-10 14:47:02 - [TEST_STEP][PASSED] - setText: Text 'hello' is set on object 'Object Repository/Objects-Cart list/Page_ProjectBackend/input_password'

2018-05-10 14:47:02 - [MESSAGE][PASSED] - Text 'hello' is set on object 'Object Repository/Objects-Cart list/Page_ProjectBackend/input_password'

2018-05-10 14:47:02 - [TEST_STEP][PASSED] - click: Object: 'Object Repository/Objects-Cart list/Page_ProjectBackend/button_Login' is clicked on

2018-05-10 14:47:03 - [MESSAGE][PASSED] - Object: 'Object Repository/Objects-Cart list/Page_ProjectBackend/button_Login' is clicked on

2018-05-10 14:47:03 - [TEST_STEP][PASSED] - waitForElementNotPresent: Web element with id: 'Object Repository/Objects-Cart list/Page_ProjectBackend/button_add to cart 1' located by 'By.xpath: /html/body/app-root/app-product-list/div/div[2]/div/div[1]/a/div[2]/div[2]/button' is not present after '30' second(s)

2018-05-10 14:47:03 - [MESSAGE][WARNING] - Timeout '0' is invalid. Using default page load timeout: '30'

2018-05-10 14:47:03 - [MESSAGE][PASSED] - Web element with id: 'Object Repository/Objects-Cart list/Page_ProjectBackend/button_add to cart 1' located by 'By.xpath: /html/body/app-root/app-product-list/div/div[2]/div/div[1]/a/div[2]/div[2]/button' is not present after '30' second(s)

2018-05-10 14:47:03 - [TEST_STEP][FAILED] - click: Unable to click on object 'Object Repository/Objects-Cart list/Page_ProjectBackend/button_add to cart 1' (Root cause: org.openqa.selenium.WebDriverException: Failed to decode response from marionette
Build info: version: '3.7.1', revision: '8a0099a', time: '2017-11-06T21:07:36.161Z'
System info: host: 'DESKTOP-JOTRSDM', ip: '192.168.56.1', os.name: 'Windows 10', os.arch: 'amd64', os.version: '10.0', java.version: '1.8.0_102'
Driver info: com.kms.katalon.core.webui.driver.firefox.CGeckoDriver
Capabilities {acceptInsecureCerts: true, browserName: firefox, browserVersion: 59.0.3, javascriptEnabled: true, moz:accessibilityChecks: false, moz:headless: false, moz:processID: 5908, moz:profile: C:\Users\amnesia\AppData\Lo..., moz:useNonSpecCompliantPointerOrigin: false, moz:webdriverClick: true, pageLoadStrategy: normal, platform: XP, platformName: XP, platformVersion: 10.0, proxy: Proxy(direct), rotatable: false, timeouts: {implicit: 0, pageLoad: 300000, script: 30000}}
Session ID: ce18e221-722e-452f-8183-7e965c541e51
*** Element info: {Using=xpath, value=/html/body/app-root/app-product-list/div/div[2]/div/div[1]/a/div[2]/div[2]/button})

2018-05-10 14:47:12 - [MESSAGE][WARNING] - Cannot take screenshot

2018-05-10 14:47:12 - [MESSAGE][FAILED] - Unable to click on object 'Object Repository/Objects-Cart list/Page_ProjectBackend/button_add to cart 1' (Root cause: org.openqa.selenium.WebDriverException: Failed to decode response from marionette
Build info: version: '3.7.1', revision: '8a0099a', time: '2017-11-06T21:07:36.161Z'
System info: host: 'DESKTOP-JOTRSDM', ip: '192.168.56.1', os.name: 'Windows 10', os.arch: 'amd64', os.version: '10.0', java.version: '1.8.0_102'
Driver info: com.kms.katalon.core.webui.driver.firefox.CGeckoDriver
Capabilities {acceptInsecureCerts: true, browserName: firefox, browserVersion: 59.0.3, javascriptEnabled: true, moz:accessibilityChecks: false, moz:headless: false, moz:processID: 5908, moz:profile: C:\Users\amnesia\AppData\Lo..., moz:useNonSpecCompliantPointerOrigin: false, moz:webdriverClick: true, pageLoadStrategy: normal, platform: XP, platformName: XP, platformVersion: 10.0, proxy: Proxy(direct), rotatable: false, timeouts: {implicit: 0, pageLoad: 300000, script: 30000}}
Session ID: ce18e221-722e-452f-8183-7e965c541e51
*** Element info: {Using=xpath, value=/html/body/app-root/app-product-list/div/div[2]/div/div[1]/a/div[2]/div[2]/button})]]></system-out>
         <system-err><![CDATA[2018-05-10 14:46:43 - [TEST_CASE][FAILED] - Test Cases/Test-Cart list: Test Cases/Test-Cart list FAILED because (of) Unable to click on object 'Object Repository/Objects-Cart list/Page_ProjectBackend/button_add to cart 1' (Root cause: org.openqa.selenium.WebDriverException: Failed to decode response from marionette
Build info: version: '3.7.1', revision: '8a0099a', time: '2017-11-06T21:07:36.161Z'
System info: host: 'DESKTOP-JOTRSDM', ip: '192.168.56.1', os.name: 'Windows 10', os.arch: 'amd64', os.version: '10.0', java.version: '1.8.0_102'
Driver info: com.kms.katalon.core.webui.driver.firefox.CGeckoDriver
Capabilities {acceptInsecureCerts: true, browserName: firefox, browserVersion: 59.0.3, javascriptEnabled: true, moz:accessibilityChecks: false, moz:headless: false, moz:processID: 5908, moz:profile: C:\Users\amnesia\AppData\Lo..., moz:useNonSpecCompliantPointerOrigin: false, moz:webdriverClick: true, pageLoadStrategy: normal, platform: XP, platformName: XP, platformVersion: 10.0, proxy: Proxy(direct), rotatable: false, timeouts: {implicit: 0, pageLoad: 300000, script: 30000}}
Session ID: ce18e221-722e-452f-8183-7e965c541e51
*** Element info: {Using=xpath, value=/html/body/app-root/app-product-list/div/div[2]/div/div[1]/a/div[2]/div[2]/button})]]></system-err>
      </testcase>
      <system-out><![CDATA[2018-05-10 14:44:09 - [TEST_SUITE][INCOMPLETE] - TestSuit-Cart list with changing amount: null]]></system-out>
      <system-err><![CDATA[2018-05-10 14:44:09 - [TEST_SUITE][INCOMPLETE] - TestSuit-Cart list with changing amount: null]]></system-err>
   </testsuite>
</testsuites>
